# JRE version: OpenJDK Runtime Environment (11.0.8+10) (build 11.0.8+10-b944.6842174)
# Java VM: OpenJDK 64-Bit Server VM (11.0.8+10-b944.6842174, mixed mode, tiered, compressed oops, g1 gc, windows-amd64)
Heap:
 garbage-first heap   total 322560K, used 172032K [0x0000000080000000, 0x0000000100000000)
  region size 1024K, 3 young (3072K), 3 survivors (3072K)
 Metaspace       used 89682K, capacity 92081K, committed 92140K, reserved 1130496K
  class space    used 11129K, capacity 11996K, committed 12032K, reserved 1048576K
GC Heap History (20 events):
Event: 37.491 GC heap after
{Heap after GC invocations=37 (full 0):
 garbage-first heap   total 189440K, used 114535K [0x0000000080000000, 0x0000000100000000)
  region size 1024K, 7 young (7168K), 7 survivors (7168K)
 Metaspace       used 86673K, capacity 88960K, committed 89068K, reserved 1126400K
  class space    used 10935K, capacity 11762K, committed 11776K, reserved 1048576K
}
Event: 37.529 GC heap before
{Heap before GC invocations=37 (full 0):
 garbage-first heap   total 189440K, used 127847K [0x0000000080000000, 0x0000000100000000)
  region size 1024K, 9 young (9216K), 7 survivors (7168K)
 Metaspace       used 86673K, capacity 88960K, committed 89068K, reserved 1126400K
  class space    used 10935K, capacity 11762K, committed 11776K, reserved 1048576K
}
Event: 37.540 GC heap after
{Heap after GC invocations=38 (full 0):
 garbage-first heap   total 189440K, used 123464K [0x0000000080000000, 0x0000000100000000)
  region size 1024K, 2 young (2048K), 2 survivors (2048K)
 Metaspace       used 86673K, capacity 88960K, committed 89068K, reserved 1126400K
  class space    used 10935K, capacity 11762K, committed 11776K, reserved 1048576K
}
Event: 37.541 GC heap before
{Heap before GC invocations=38 (full 0):
 garbage-first heap   total 189440K, used 123464K [0x0000000080000000, 0x0000000100000000)
  region size 1024K, 3 young (3072K), 2 survivors (2048K)
 Metaspace       used 86673K, capacity 88960K, committed 89068K, reserved 1126400K
  class space    used 10935K, capacity 11762K, committed 11776K, reserved 1048576K
}
Event: 37.544 GC heap after
{Heap after GC invocations=39 (full 0):
 garbage-first heap   total 189440K, used 110644K [0x0000000080000000, 0x0000000100000000)
  region size 1024K, 1 young (1024K), 1 survivors (1024K)
 Metaspace       used 86673K, capacity 88960K, committed 89068K, reserved 1126400K
  class space    used 10935K, capacity 11762K, committed 11776K, reserved 1048576K
}
Event: 38.739 GC heap before
{Heap before GC invocations=40 (full 0):
 garbage-first heap   total 189440K, used 154676K [0x0000000080000000, 0x0000000100000000)
  region size 1024K, 37 young (37888K), 1 survivors (1024K)
 Metaspace       used 87250K, capacity 89634K, committed 89708K, reserved 1126400K
  class space    used 10978K, capacity 11836K, committed 11904K, reserved 1048576K
}
Event: 38.752 GC heap after
{Heap after GC invocations=41 (full 0):
 garbage-first heap   total 189440K, used 123904K [0x0000000080000000, 0x0000000100000000)
  region size 1024K, 5 young (5120K), 5 survivors (5120K)
 Metaspace       used 87250K, capacity 89634K, committed 89708K, reserved 1126400K
  class space    used 10978K, capacity 11836K, committed 11904K, reserved 1048576K
}
Event: 38.833 GC heap before
{Heap before GC invocations=41 (full 0):
 garbage-first heap   total 189440K, used 128000K [0x0000000080000000, 0x0000000100000000)
  region size 1024K, 9 young (9216K), 5 survivors (5120K)
 Metaspace       used 87260K, capacity 89634K, committed 89708K, reserved 1126400K
  class space    used 10978K, capacity 11836K, committed 11904K, reserved 1048576K
}
Event: 38.841 GC heap after
{Heap after GC invocations=42 (full 0):
 garbage-first heap   total 189440K, used 123976K [0x0000000080000000, 0x0000000100000000)
  region size 1024K, 2 young (2048K), 2 survivors (2048K)
 Metaspace       used 87260K, capacity 89634K, committed 89708K, reserved 1126400K
  class space    used 10978K, capacity 11836K, committed 11904K, reserved 1048576K
}
Event: 39.234 GC heap before
{Heap before GC invocations=42 (full 0):
 garbage-first heap   total 189440K, used 150600K [0x0000000080000000, 0x0000000100000000)
  region size 1024K, 28 young (28672K), 2 survivors (2048K)
 Metaspace       used 87913K, capacity 90335K, committed 90476K, reserved 1128448K
  class space    used 11019K, capacity 11892K, committed 11904K, reserved 1048576K
}
Event: 39.247 GC heap after
{Heap after GC invocations=43 (full 0):
 garbage-first heap   total 189440K, used 130223K [0x0000000080000000, 0x0000000100000000)
  region size 1024K, 4 young (4096K), 4 survivors (4096K)
 Metaspace       used 87913K, capacity 90335K, committed 90476K, reserved 1128448K
  class space    used 11019K, capacity 11892K, committed 11904K, reserved 1048576K
}
Event: 39.765 GC heap before
{Heap before GC invocations=44 (full 0):
 garbage-first heap   total 189440K, used 153775K [0x0000000080000000, 0x0000000100000000)
  region size 1024K, 27 young (27648K), 4 survivors (4096K)
 Metaspace       used 87983K, capacity 90401K, committed 90476K, reserved 1128448K
  class space    used 11019K, capacity 11892K, committed 11904K, reserved 1048576K
}
Event: 39.782 GC heap after
{Heap after GC invocations=45 (full 0):
 garbage-first heap   total 227328K, used 134727K [0x0000000080000000, 0x0000000100000000)
  region size 1024K, 4 young (4096K), 4 survivors (4096K)
 Metaspace       used 87983K, capacity 90401K, committed 90476K, reserved 1128448K
  class space    used 11019K, capacity 11892K, committed 11904K, reserved 1048576K
}
Event: 39.828 GC heap before
{Heap before GC invocations=45 (full 0):
 garbage-first heap   total 227328K, used 141895K [0x0000000080000000, 0x0000000100000000)
  region size 1024K, 11 young (11264K), 4 survivors (4096K)
 Metaspace       used 88002K, capacity 90466K, committed 90732K, reserved 1128448K
  class space    used 11019K, capacity 11892K, committed 11904K, reserved 1048576K
}
Event: 39.844 GC heap after
{Heap after GC invocations=46 (full 0):
 garbage-first heap   total 227328K, used 139454K [0x0000000080000000, 0x0000000100000000)
  region size 1024K, 2 young (2048K), 2 survivors (2048K)
 Metaspace       used 88002K, capacity 90466K, committed 90732K, reserved 1128448K
  class space    used 11019K, capacity 11892K, committed 11904K, reserved 1048576K
}
Event: 40.003 GC heap before
{Heap before GC invocations=46 (full 0):
 garbage-first heap   total 227328K, used 172222K [0x0000000080000000, 0x0000000100000000)
  region size 1024K, 34 young (34816K), 2 survivors (2048K)
 Metaspace       used 88069K, capacity 90535K, committed 90732K, reserved 1128448K
  class space    used 11025K, capacity 11893K, committed 11904K, reserved 1048576K
}
Event: 40.041 GC heap after
{Heap after GC invocations=47 (full 0):
 garbage-first heap   total 227328K, used 165157K [0x0000000080000000, 0x0000000100000000)
  region size 1024K, 5 young (5120K), 5 survivors (5120K)
 Metaspace       used 88069K, capacity 90535K, committed 90732K, reserved 1128448K
  class space    used 11025K, capacity 11893K, committed 11904K, reserved 1048576K
}
Event: 40.312 GC heap before
{Heap before GC invocations=47 (full 0):
 garbage-first heap   total 227328K, used 180517K [0x0000000080000000, 0x0000000100000000)
  region size 1024K, 21 young (21504K), 5 survivors (5120K)
 Metaspace       used 88914K, capacity 91271K, committed 91372K, reserved 1128448K
  class space    used 11099K, capacity 11962K, committed 12032K, reserved 1048576K
}
Event: 40.329 GC heap after
{Heap after GC invocations=48 (full 0):
 garbage-first heap   total 227328K, used 168322K [0x0000000080000000, 0x0000000100000000)
  region size 1024K, 2 young (2048K), 2 survivors (2048K)
 Metaspace       used 88914K, capacity 91271K, committed 91372K, reserved 1128448K
  class space    used 11099K, capacity 11962K, committed 12032K, reserved 1048576K
}
Event: 40.554 GC heap before
{Heap before GC invocations=48 (full 0):
 garbage-first heap   total 227328K, used 183682K [0x0000000080000000, 0x0000000100000000)
  region size 1024K, 18 young (18432K), 2 survivors (2048K)
 Metaspace       used 89682K, capacity 92081K, committed 92140K, reserved 1130496K
  class space    used 11129K, capacity 11996K, committed 12032K, reserved 1048576K
}

