# JRE version: OpenJDK Runtime Environment (11.0.8+10) (build 11.0.8+10-b944.6842174)
# Java VM: OpenJDK 64-Bit Server VM (11.0.8+10-b944.6842174, mixed mode, tiered, compressed oops, g1 gc, windows-amd64)
Heap:
 garbage-first heap   total 575488K, used 228764K [0x0000000080000000, 0x0000000100000000)
  region size 1024K, 6 young (6144K), 6 survivors (6144K)
 Metaspace       used 98660K, capacity 100983K, committed 101192K, reserved 1138688K
  class space    used 12131K, capacity 12932K, committed 13056K, reserved 1048576K
GC Heap History (20 events):
Event: 2506.880 GC heap after
{Heap after GC invocations=59 (full 0):
 garbage-first heap   total 233472K, used 181861K [0x0000000080000000, 0x0000000100000000)
  region size 1024K, 3 young (3072K), 3 survivors (3072K)
 Metaspace       used 90879K, capacity 93207K, committed 93384K, reserved 1130496K
  class space    used 11284K, capacity 12075K, committed 12160K, reserved 1048576K
}
Event: 2507.221 GC heap before
{Heap before GC invocations=59 (full 0):
 garbage-first heap   total 233472K, used 192101K [0x0000000080000000, 0x0000000100000000)
  region size 1024K, 13 young (13312K), 3 survivors (3072K)
 Metaspace       used 91304K, capacity 93687K, committed 94024K, reserved 1130496K
  class space    used 11306K, capacity 12146K, committed 12288K, reserved 1048576K
}
Event: 2507.233 GC heap after
{Heap after GC invocations=60 (full 0):
 garbage-first heap   total 233472K, used 185024K [0x0000000080000000, 0x0000000100000000)
  region size 1024K, 2 young (2048K), 2 survivors (2048K)
 Metaspace       used 91304K, capacity 93687K, committed 94024K, reserved 1130496K
  class space    used 11306K, capacity 12146K, committed 12288K, reserved 1048576K
}
Event: 2507.486 GC heap before
{Heap before GC invocations=61 (full 0):
 garbage-first heap   total 233472K, used 194240K [0x0000000080000000, 0x0000000100000000)
  region size 1024K, 12 young (12288K), 2 survivors (2048K)
 Metaspace       used 92703K, capacity 94941K, committed 95176K, reserved 1132544K
  class space    used 11421K, capacity 12242K, committed 12416K, reserved 1048576K
}
Event: 2507.494 GC heap after
{Heap after GC invocations=62 (full 0):
 garbage-first heap   total 233472K, used 186332K [0x0000000080000000, 0x0000000100000000)
  region size 1024K, 1 young (1024K), 1 survivors (1024K)
 Metaspace       used 92703K, capacity 94941K, committed 95176K, reserved 1132544K
  class space    used 11421K, capacity 12242K, committed 12416K, reserved 1048576K
}
Event: 2507.793 GC heap before
{Heap before GC invocations=62 (full 0):
 garbage-first heap   total 233472K, used 195548K [0x0000000080000000, 0x0000000100000000)
  region size 1024K, 11 young (11264K), 1 survivors (1024K)
 Metaspace       used 94540K, capacity 96861K, committed 97096K, reserved 1134592K
  class space    used 11630K, capacity 12434K, committed 12544K, reserved 1048576K
}
Event: 2507.796 GC heap after
{Heap after GC invocations=63 (full 0):
 garbage-first heap   total 233472K, used 186517K [0x0000000080000000, 0x0000000100000000)
  region size 1024K, 2 young (2048K), 2 survivors (2048K)
 Metaspace       used 94540K, capacity 96861K, committed 97096K, reserved 1134592K
  class space    used 11630K, capacity 12434K, committed 12544K, reserved 1048576K
}
Event: 2509.144 GC heap before
{Heap before GC invocations=64 (full 0):
 garbage-first heap   total 233472K, used 197781K [0x0000000080000000, 0x0000000100000000)
  region size 1024K, 13 young (13312K), 2 survivors (2048K)
 Metaspace       used 96841K, capacity 99113K, committed 99400K, reserved 1136640K
  class space    used 11941K, capacity 12738K, committed 12800K, reserved 1048576K
}
Event: 2509.149 GC heap after
{Heap after GC invocations=65 (full 0):
 garbage-first heap   total 233472K, used 187172K [0x0000000080000000, 0x0000000100000000)
  region size 1024K, 1 young (1024K), 1 survivors (1024K)
 Metaspace       used 96841K, capacity 99113K, committed 99400K, reserved 1136640K
  class space    used 11941K, capacity 12738K, committed 12800K, reserved 1048576K
}
Event: 2509.318 GC heap before
{Heap before GC invocations=65 (full 0):
 garbage-first heap   total 233472K, used 197412K [0x0000000080000000, 0x0000000100000000)
  region size 1024K, 11 young (11264K), 1 survivors (1024K)
 Metaspace       used 98328K, capacity 100553K, committed 100936K, reserved 1136640K
  class space    used 12101K, capacity 12898K, committed 13056K, reserved 1048576K
}
Event: 2509.346 GC heap after
{Heap after GC invocations=66 (full 0):
 garbage-first heap   total 233472K, used 178027K [0x0000000080000000, 0x0000000100000000)
  region size 1024K, 2 young (2048K), 2 survivors (2048K)
 Metaspace       used 98328K, capacity 100553K, committed 100936K, reserved 1136640K
  class space    used 12101K, capacity 12898K, committed 13056K, reserved 1048576K
}
Event: 2509.650 GC heap before
{Heap before GC invocations=66 (full 0):
 garbage-first heap   total 233472K, used 193387K [0x0000000080000000, 0x0000000100000000)
  region size 1024K, 18 young (18432K), 2 survivors (2048K)
 Metaspace       used 98619K, capacity 100917K, committed 101192K, reserved 1138688K
  class space    used 12131K, capacity 12932K, committed 13056K, reserved 1048576K
}
Event: 2509.667 GC heap after
{Heap after GC invocations=67 (full 0):
 garbage-first heap   total 318464K, used 182705K [0x0000000080000000, 0x0000000100000000)
  region size 1024K, 3 young (3072K), 3 survivors (3072K)
 Metaspace       used 98619K, capacity 100917K, committed 101192K, reserved 1138688K
  class space    used 12131K, capacity 12932K, committed 13056K, reserved 1048576K
}
Event: 2510.111 GC heap before
{Heap before GC invocations=68 (full 0):
 garbage-first heap   total 318464K, used 228785K [0x0000000080000000, 0x0000000100000000)
  region size 1024K, 56 young (57344K), 3 survivors (3072K)
 Metaspace       used 98631K, capacity 100981K, committed 101192K, reserved 1138688K
  class space    used 12131K, capacity 12932K, committed 13056K, reserved 1048576K
}
Event: 2510.161 GC heap after
{Heap after GC invocations=69 (full 0):
 garbage-first heap   total 318464K, used 204700K [0x0000000080000000, 0x0000000100000000)
  region size 1024K, 7 young (7168K), 7 survivors (7168K)
 Metaspace       used 98631K, capacity 100981K, committed 101192K, reserved 1138688K
  class space    used 12131K, capacity 12932K, committed 13056K, reserved 1048576K
}
Event: 2510.223 GC heap before
{Heap before GC invocations=69 (full 0):
 garbage-first heap   total 318464K, used 212892K [0x0000000080000000, 0x0000000100000000)
  region size 1024K, 15 young (15360K), 7 survivors (7168K)
 Metaspace       used 98639K, capacity 100982K, committed 101192K, reserved 1138688K
  class space    used 12131K, capacity 12932K, committed 13056K, reserved 1048576K
}
Event: 2510.257 GC heap after
{Heap after GC invocations=70 (full 0):
 garbage-first heap   total 318464K, used 190976K [0x0000000080000000, 0x0000000100000000)
  region size 1024K, 2 young (2048K), 2 survivors (2048K)
 Metaspace       used 98639K, capacity 100982K, committed 101192K, reserved 1138688K
  class space    used 12131K, capacity 12932K, committed 13056K, reserved 1048576K
}
Event: 2510.486 GC heap before
{Heap before GC invocations=70 (full 0):
 garbage-first heap   total 318464K, used 235008K [0x0000000080000000, 0x0000000100000000)
  region size 1024K, 45 young (46080K), 2 survivors (2048K)
 Metaspace       used 98659K, capacity 100983K, committed 101192K, reserved 1138688K
  class space    used 12131K, capacity 12932K, committed 13056K, reserved 1048576K
}
Event: 2510.506 GC heap after
{Heap after GC invocations=71 (full 0):
 garbage-first heap   total 318464K, used 202752K [0x0000000080000000, 0x0000000100000000)
  region size 1024K, 6 young (6144K), 6 survivors (6144K)
 Metaspace       used 98659K, capacity 100983K, committed 101192K, reserved 1138688K
  class space    used 12131K, capacity 12932K, committed 13056K, reserved 1048576K
}
Event: 2510.643 GC heap before
{Heap before GC invocations=71 (full 0):
 garbage-first heap   total 318464K, used 242688K [0x0000000080000000, 0x0000000100000000)
  region size 1024K, 45 young (46080K), 6 survivors (6144K)
 Metaspace       used 98660K, capacity 100983K, committed 101192K, reserved 1138688K
  class space    used 12131K, capacity 12932K, committed 13056K, reserved 1048576K
}

