# JRE version: OpenJDK Runtime Environment (11.0.8+10) (build 11.0.8+10-b944.6842174)
# Java VM: OpenJDK 64-Bit Server VM (11.0.8+10-b944.6842174, mixed mode, tiered, compressed oops, g1 gc, windows-amd64)
Heap:
 garbage-first heap   total 784384K, used 282112K [0x0000000080000000, 0x0000000100000000)
  region size 1024K, 4 young (4096K), 4 survivors (4096K)
 Metaspace       used 120892K, capacity 123670K, committed 123916K, reserved 1157120K
  class space    used 14542K, capacity 15529K, committed 15652K, reserved 1048576K
GC Heap History (20 events):
Event: 2783.283 GC heap after
{Heap after GC invocations=81 (full 0):
 garbage-first heap   total 227328K, used 177540K [0x0000000080000000, 0x0000000100000000)
  region size 1024K, 4 young (4096K), 4 survivors (4096K)
 Metaspace       used 111213K, capacity 114016K, committed 114188K, reserved 1148928K
  class space    used 13568K, capacity 14523K, committed 14628K, reserved 1048576K
}
Event: 2783.373 GC heap before
{Heap before GC invocations=81 (full 0):
 garbage-first heap   total 227328K, used 188804K [0x0000000080000000, 0x0000000100000000)
  region size 1024K, 15 young (15360K), 4 survivors (4096K)
 Metaspace       used 111217K, capacity 114016K, committed 114188K, reserved 1148928K
  class space    used 13568K, capacity 14523K, committed 14628K, reserved 1048576K
}
Event: 2783.390 GC heap after
{Heap after GC invocations=82 (full 0):
 garbage-first heap   total 227328K, used 187392K [0x0000000080000000, 0x0000000100000000)
  region size 1024K, 2 young (2048K), 2 survivors (2048K)
 Metaspace       used 111217K, capacity 114016K, committed 114188K, reserved 1148928K
  class space    used 13568K, capacity 14523K, committed 14628K, reserved 1048576K
}
Event: 2783.566 GC heap before
{Heap before GC invocations=82 (full 0):
 garbage-first heap   total 227328K, used 196608K [0x0000000080000000, 0x0000000100000000)
  region size 1024K, 11 young (11264K), 2 survivors (2048K)
 Metaspace       used 111445K, capacity 114255K, committed 114444K, reserved 1148928K
  class space    used 13577K, capacity 14558K, committed 14628K, reserved 1048576K
}
Event: 2783.583 GC heap after
{Heap after GC invocations=83 (full 0):
 garbage-first heap   total 323584K, used 195072K [0x0000000080000000, 0x0000000100000000)
  region size 1024K, 2 young (2048K), 2 survivors (2048K)
 Metaspace       used 111445K, capacity 114255K, committed 114444K, reserved 1148928K
  class space    used 13577K, capacity 14558K, committed 14628K, reserved 1048576K
}
Event: 2784.491 GC heap before
{Heap before GC invocations=84 (full 0):
 garbage-first heap   total 323584K, used 231936K [0x0000000080000000, 0x0000000100000000)
  region size 1024K, 38 young (38912K), 2 survivors (2048K)
 Metaspace       used 116493K, capacity 119185K, committed 119308K, reserved 1153024K
  class space    used 14120K, capacity 15090K, committed 15140K, reserved 1048576K
}
Event: 2784.503 GC heap after
{Heap after GC invocations=85 (full 0):
 garbage-first heap   total 323584K, used 197661K [0x0000000080000000, 0x0000000100000000)
  region size 1024K, 5 young (5120K), 5 survivors (5120K)
 Metaspace       used 116493K, capacity 119185K, committed 119308K, reserved 1153024K
  class space    used 14120K, capacity 15090K, committed 15140K, reserved 1048576K
}
Event: 2785.003 GC heap before
{Heap before GC invocations=85 (full 0):
 garbage-first heap   total 323584K, used 236573K [0x0000000080000000, 0x0000000100000000)
  region size 1024K, 43 young (44032K), 5 survivors (5120K)
 Metaspace       used 118957K, capacity 121757K, committed 121868K, reserved 1157120K
  class space    used 14409K, capacity 15348K, committed 15396K, reserved 1048576K
}
Event: 2785.021 GC heap after
{Heap after GC invocations=86 (full 0):
 garbage-first heap   total 323584K, used 203306K [0x0000000080000000, 0x0000000100000000)
  region size 1024K, 6 young (6144K), 6 survivors (6144K)
 Metaspace       used 118957K, capacity 121757K, committed 121868K, reserved 1157120K
  class space    used 14409K, capacity 15348K, committed 15396K, reserved 1048576K
}
Event: 2785.389 GC heap before
{Heap before GC invocations=86 (full 0):
 garbage-first heap   total 323584K, used 230954K [0x0000000080000000, 0x0000000100000000)
  region size 1024K, 45 young (46080K), 6 survivors (6144K)
 Metaspace       used 118966K, capacity 121758K, committed 121868K, reserved 1157120K
  class space    used 14409K, capacity 15348K, committed 15396K, reserved 1048576K
}
Event: 2785.436 GC heap after
{Heap after GC invocations=87 (full 0):
 garbage-first heap   total 323584K, used 214356K [0x0000000080000000, 0x0000000100000000)
  region size 1024K, 6 young (6144K), 6 survivors (6144K)
 Metaspace       used 118966K, capacity 121758K, committed 121868K, reserved 1157120K
  class space    used 14409K, capacity 15348K, committed 15396K, reserved 1048576K
}
Event: 2785.708 GC heap before
{Heap before GC invocations=88 (full 0):
 garbage-first heap   total 323584K, used 247124K [0x0000000080000000, 0x0000000100000000)
  region size 1024K, 38 young (38912K), 6 survivors (6144K)
 Metaspace       used 118983K, capacity 121760K, committed 121868K, reserved 1157120K
  class space    used 14409K, capacity 15348K, committed 15396K, reserved 1048576K
}
Event: 2785.740 GC heap after
{Heap after GC invocations=89 (full 0):
 garbage-first heap   total 477184K, used 227328K [0x0000000080000000, 0x0000000100000000)
  region size 1024K, 5 young (5120K), 5 survivors (5120K)
 Metaspace       used 118983K, capacity 121760K, committed 121868K, reserved 1157120K
  class space    used 14409K, capacity 15348K, committed 15396K, reserved 1048576K
}
Event: 2785.893 GC heap before
{Heap before GC invocations=89 (full 0):
 garbage-first heap   total 477184K, used 245760K [0x0000000080000000, 0x0000000100000000)
  region size 1024K, 23 young (23552K), 5 survivors (5120K)
 Metaspace       used 118993K, capacity 121760K, committed 121868K, reserved 1157120K
  class space    used 14409K, capacity 15348K, committed 15396K, reserved 1048576K
}
Event: 2785.914 GC heap after
{Heap after GC invocations=90 (full 0):
 garbage-first heap   total 477184K, used 216064K [0x0000000080000000, 0x0000000100000000)
  region size 1024K, 3 young (3072K), 3 survivors (3072K)
 Metaspace       used 118993K, capacity 121760K, committed 121868K, reserved 1157120K
  class space    used 14409K, capacity 15348K, committed 15396K, reserved 1048576K
}
Event: 2786.329 GC heap before
{Heap before GC invocations=90 (full 0):
 garbage-first heap   total 477184K, used 297984K [0x0000000080000000, 0x0000000100000000)
  region size 1024K, 83 young (84992K), 3 survivors (3072K)
 Metaspace       used 119013K, capacity 121761K, committed 121868K, reserved 1157120K
  class space    used 14410K, capacity 15348K, committed 15396K, reserved 1048576K
}
Event: 2786.383 GC heap after
{Heap after GC invocations=91 (full 0):
 garbage-first heap   total 477184K, used 251246K [0x0000000080000000, 0x0000000100000000)
  region size 1024K, 11 young (11264K), 11 survivors (11264K)
 Metaspace       used 119013K, capacity 121761K, committed 121868K, reserved 1157120K
  class space    used 14410K, capacity 15348K, committed 15396K, reserved 1048576K
}
Event: 2786.864 GC heap before
{Heap before GC invocations=91 (full 0):
 garbage-first heap   total 477184K, used 322926K [0x0000000080000000, 0x0000000100000000)
  region size 1024K, 81 young (82944K), 11 survivors (11264K)
 Metaspace       used 120144K, capacity 122976K, committed 123020K, reserved 1157120K
  class space    used 14534K, capacity 15518K, committed 15524K, reserved 1048576K
}
Event: 2786.921 GC heap after
{Heap after GC invocations=92 (full 0):
 garbage-first heap   total 477184K, used 277504K [0x0000000080000000, 0x0000000100000000)
  region size 1024K, 11 young (11264K), 11 survivors (11264K)
 Metaspace       used 120144K, capacity 122976K, committed 123020K, reserved 1157120K
  class space    used 14534K, capacity 15518K, committed 15524K, reserved 1048576K
}
Event: 2788.583 GC heap before
{Heap before GC invocations=92 (full 0):
 garbage-first heap   total 477184K, used 343040K [0x0000000080000000, 0x0000000100000000)
  region size 1024K, 75 young (76800K), 11 survivors (11264K)
 Metaspace       used 120892K, capacity 123670K, committed 123916K, reserved 1157120K
  class space    used 14542K, capacity 15529K, committed 15652K, reserved 1048576K
}

