# JRE version: OpenJDK Runtime Environment (11.0.8+10) (build 11.0.8+10-b944.6842174)
# Java VM: OpenJDK 64-Bit Server VM (11.0.8+10-b944.6842174, mixed mode, tiered, compressed oops, g1 gc, windows-amd64)
Heap:
 garbage-first heap   total 416768K, used 176351K [0x0000000080000000, 0x0000000100000000)
  region size 1024K, 2 young (2048K), 2 survivors (2048K)
 Metaspace       used 89281K, capacity 91656K, committed 91784K, reserved 1130496K
  class space    used 11009K, capacity 11858K, committed 11904K, reserved 1048576K
GC Heap History (20 events):
Event: 26.848 GC heap after
{Heap after GC invocations=33 (full 0):
 garbage-first heap   total 189440K, used 136988K [0x0000000080000000, 0x0000000100000000)
  region size 1024K, 4 young (4096K), 4 survivors (4096K)
 Metaspace       used 83853K, capacity 86092K, committed 86280K, reserved 1124352K
  class space    used 10630K, capacity 11466K, committed 11520K, reserved 1048576K
}
Event: 27.251 GC heap before
{Heap before GC invocations=34 (full 0):
 garbage-first heap   total 189440K, used 157468K [0x0000000080000000, 0x0000000100000000)
  region size 1024K, 24 young (24576K), 4 survivors (4096K)
 Metaspace       used 83921K, capacity 86222K, committed 86536K, reserved 1124352K
  class space    used 10631K, capacity 11466K, committed 11520K, reserved 1048576K
}
Event: 27.264 GC heap after
{Heap after GC invocations=35 (full 0):
 garbage-first heap   total 189440K, used 140876K [0x0000000080000000, 0x0000000100000000)
  region size 1024K, 3 young (3072K), 3 survivors (3072K)
 Metaspace       used 83921K, capacity 86222K, committed 86536K, reserved 1124352K
  class space    used 10631K, capacity 11466K, committed 11520K, reserved 1048576K
}
Event: 27.354 GC heap before
{Heap before GC invocations=35 (full 0):
 garbage-first heap   total 189440K, used 159308K [0x0000000080000000, 0x0000000100000000)
  region size 1024K, 21 young (21504K), 3 survivors (3072K)
 Metaspace       used 83971K, capacity 86289K, committed 86536K, reserved 1124352K
  class space    used 10631K, capacity 11466K, committed 11520K, reserved 1048576K
}
Event: 27.375 GC heap after
{Heap after GC invocations=36 (full 0):
 garbage-first heap   total 227328K, used 153600K [0x0000000080000000, 0x0000000100000000)
  region size 1024K, 3 young (3072K), 3 survivors (3072K)
 Metaspace       used 83971K, capacity 86289K, committed 86536K, reserved 1124352K
  class space    used 10631K, capacity 11466K, committed 11520K, reserved 1048576K
}
Event: 27.571 GC heap before
{Heap before GC invocations=36 (full 0):
 garbage-first heap   total 227328K, used 177152K [0x0000000080000000, 0x0000000100000000)
  region size 1024K, 26 young (26624K), 3 survivors (3072K)
 Metaspace       used 84063K, capacity 86364K, committed 86536K, reserved 1124352K
  class space    used 10641K, capacity 11469K, committed 11520K, reserved 1048576K
}
Event: 27.599 GC heap after
{Heap after GC invocations=37 (full 0):
 garbage-first heap   total 227328K, used 172032K [0x0000000080000000, 0x0000000100000000)
  region size 1024K, 4 young (4096K), 4 survivors (4096K)
 Metaspace       used 84063K, capacity 86364K, committed 86536K, reserved 1124352K
  class space    used 10641K, capacity 11469K, committed 11520K, reserved 1048576K
}
Event: 27.918 GC heap before
{Heap before GC invocations=38 (full 0):
 garbage-first heap   total 227328K, used 185344K [0x0000000080000000, 0x0000000100000000)
  region size 1024K, 17 young (17408K), 4 survivors (4096K)
 Metaspace       used 84478K, capacity 86804K, committed 87048K, reserved 1124352K
  class space    used 10659K, capacity 11504K, committed 11520K, reserved 1048576K
}
Event: 27.929 GC heap after
{Heap after GC invocations=39 (full 0):
 garbage-first heap   total 227328K, used 174080K [0x0000000080000000, 0x0000000100000000)
  region size 1024K, 1 young (1024K), 1 survivors (1024K)
 Metaspace       used 84478K, capacity 86804K, committed 87048K, reserved 1124352K
  class space    used 10659K, capacity 11504K, committed 11520K, reserved 1048576K
}
Event: 28.119 GC heap before
{Heap before GC invocations=39 (full 0):
 garbage-first heap   total 227328K, used 186368K [0x0000000080000000, 0x0000000100000000)
  region size 1024K, 14 young (14336K), 1 survivors (1024K)
 Metaspace       used 85638K, capacity 87935K, committed 88200K, reserved 1126400K
  class space    used 10742K, capacity 11602K, committed 11648K, reserved 1048576K
}
Event: 28.128 GC heap after
{Heap after GC invocations=40 (full 0):
 garbage-first heap   total 227328K, used 177496K [0x0000000080000000, 0x0000000100000000)
  region size 1024K, 2 young (2048K), 2 survivors (2048K)
 Metaspace       used 85638K, capacity 87935K, committed 88200K, reserved 1126400K
  class space    used 10742K, capacity 11602K, committed 11648K, reserved 1048576K
}
Event: 28.287 GC heap before
{Heap before GC invocations=40 (full 0):
 garbage-first heap   total 227328K, used 189784K [0x0000000080000000, 0x0000000100000000)
  region size 1024K, 14 young (14336K), 2 survivors (2048K)
 Metaspace       used 85647K, capacity 87937K, committed 88200K, reserved 1126400K
  class space    used 10742K, capacity 11602K, committed 11648K, reserved 1048576K
}
Event: 28.298 GC heap after
{Heap after GC invocations=41 (full 0):
 garbage-first heap   total 273408K, used 180368K [0x0000000080000000, 0x0000000100000000)
  region size 1024K, 2 young (2048K), 2 survivors (2048K)
 Metaspace       used 85647K, capacity 87937K, committed 88200K, reserved 1126400K
  class space    used 10742K, capacity 11602K, committed 11648K, reserved 1048576K
}
Event: 28.530 GC heap before
{Heap before GC invocations=42 (full 0):
 garbage-first heap   total 273408K, used 195728K [0x0000000080000000, 0x0000000100000000)
  region size 1024K, 28 young (28672K), 2 survivors (2048K)
 Metaspace       used 85653K, capacity 87937K, committed 88200K, reserved 1126400K
  class space    used 10742K, capacity 11602K, committed 11648K, reserved 1048576K
}
Event: 28.552 GC heap after
{Heap after GC invocations=43 (full 0):
 garbage-first heap   total 273408K, used 181003K [0x0000000080000000, 0x0000000100000000)
  region size 1024K, 4 young (4096K), 4 survivors (4096K)
 Metaspace       used 85653K, capacity 87937K, committed 88200K, reserved 1126400K
  class space    used 10742K, capacity 11602K, committed 11648K, reserved 1048576K
}
Event: 28.573 GC heap before
{Heap before GC invocations=43 (full 0):
 garbage-first heap   total 273408K, used 190219K [0x0000000080000000, 0x0000000100000000)
  region size 1024K, 13 young (13312K), 4 survivors (4096K)
 Metaspace       used 85653K, capacity 87937K, committed 88200K, reserved 1126400K
  class space    used 10742K, capacity 11602K, committed 11648K, reserved 1048576K
}
Event: 28.590 GC heap after
{Heap after GC invocations=44 (full 0):
 garbage-first heap   total 273408K, used 166912K [0x0000000080000000, 0x0000000100000000)
  region size 1024K, 2 young (2048K), 2 survivors (2048K)
 Metaspace       used 85653K, capacity 87937K, committed 88200K, reserved 1126400K
  class space    used 10742K, capacity 11602K, committed 11648K, reserved 1048576K
}
Event: 29.210 GC heap before
{Heap before GC invocations=44 (full 0):
 garbage-first heap   total 273408K, used 197632K [0x0000000080000000, 0x0000000100000000)
  region size 1024K, 32 young (32768K), 2 survivors (2048K)
 Metaspace       used 85802K, capacity 88101K, committed 88200K, reserved 1126400K
  class space    used 10762K, capacity 11614K, committed 11648K, reserved 1048576K
}
Event: 29.240 GC heap after
{Heap after GC invocations=45 (full 0):
 garbage-first heap   total 273408K, used 181150K [0x0000000080000000, 0x0000000100000000)
  region size 1024K, 4 young (4096K), 4 survivors (4096K)
 Metaspace       used 85802K, capacity 88101K, committed 88200K, reserved 1126400K
  class space    used 10762K, capacity 11614K, committed 11648K, reserved 1048576K
}
Event: 82.667 GC heap before
{Heap before GC invocations=46 (full 0):
 garbage-first heap   total 273408K, used 200704K [0x0000000080000000, 0x0000000100000000)
  region size 1024K, 30 young (30720K), 4 survivors (4096K)
 Metaspace       used 89281K, capacity 91656K, committed 91784K, reserved 1130496K
  class space    used 11009K, capacity 11858K, committed 11904K, reserved 1048576K
}

