# JRE version: OpenJDK Runtime Environment (11.0.8+10) (build 11.0.8+10-b944.6842174)
# Java VM: OpenJDK 64-Bit Server VM (11.0.8+10-b944.6842174, mixed mode, tiered, compressed oops, g1 gc, windows-amd64)
Heap:
 garbage-first heap   total 525312K, used 188625K [0x0000000080000000, 0x0000000100000000)
  region size 1024K, 2 young (2048K), 2 survivors (2048K)
 Metaspace       used 91775K, capacity 94092K, committed 94344K, reserved 1132544K
  class space    used 11471K, capacity 12314K, committed 12416K, reserved 1048576K
GC Heap History (20 events):
Event: 29.740 GC heap after
{Heap after GC invocations=39 (full 0):
 garbage-first heap   total 227328K, used 158414K [0x0000000080000000, 0x0000000100000000)
  region size 1024K, 2 young (2048K), 2 survivors (2048K)
 Metaspace       used 83969K, capacity 86273K, committed 86536K, reserved 1124352K
  class space    used 10630K, capacity 11468K, committed 11520K, reserved 1048576K
}
Event: 29.994 GC heap before
{Heap before GC invocations=39 (full 0):
 garbage-first heap   total 227328K, used 178894K [0x0000000080000000, 0x0000000100000000)
  region size 1024K, 22 young (22528K), 2 survivors (2048K)
 Metaspace       used 83974K, capacity 86273K, committed 86536K, reserved 1124352K
  class space    used 10630K, capacity 11468K, committed 11520K, reserved 1048576K
}
Event: 30.021 GC heap after
{Heap after GC invocations=40 (full 0):
 garbage-first heap   total 227328K, used 175104K [0x0000000080000000, 0x0000000100000000)
  region size 1024K, 3 young (3072K), 3 survivors (3072K)
 Metaspace       used 83974K, capacity 86273K, committed 86536K, reserved 1124352K
  class space    used 10630K, capacity 11468K, committed 11520K, reserved 1048576K
}
Event: 30.256 GC heap before
{Heap before GC invocations=41 (full 0):
 garbage-first heap   total 227328K, used 186368K [0x0000000080000000, 0x0000000100000000)
  region size 1024K, 14 young (14336K), 3 survivors (3072K)
 Metaspace       used 84388K, capacity 86722K, committed 86792K, reserved 1124352K
  class space    used 10652K, capacity 11507K, committed 11520K, reserved 1048576K
}
Event: 30.265 GC heap after
{Heap after GC invocations=42 (full 0):
 garbage-first heap   total 227328K, used 177294K [0x0000000080000000, 0x0000000100000000)
  region size 1024K, 2 young (2048K), 2 survivors (2048K)
 Metaspace       used 84388K, capacity 86722K, committed 86792K, reserved 1124352K
  class space    used 10652K, capacity 11507K, committed 11520K, reserved 1048576K
}
Event: 30.475 GC heap before
{Heap before GC invocations=42 (full 0):
 garbage-first heap   total 227328K, used 187534K [0x0000000080000000, 0x0000000100000000)
  region size 1024K, 13 young (13312K), 2 survivors (2048K)
 Metaspace       used 85974K, capacity 88296K, committed 88584K, reserved 1126400K
  class space    used 10793K, capacity 11667K, committed 11776K, reserved 1048576K
}
Event: 30.480 GC heap after
{Heap after GC invocations=43 (full 0):
 garbage-first heap   total 227328K, used 177913K [0x0000000080000000, 0x0000000100000000)
  region size 1024K, 2 young (2048K), 2 survivors (2048K)
 Metaspace       used 85974K, capacity 88296K, committed 88584K, reserved 1126400K
  class space    used 10793K, capacity 11667K, committed 11776K, reserved 1048576K
}
Event: 30.990 GC heap before
{Heap before GC invocations=43 (full 0):
 garbage-first heap   total 227328K, used 186105K [0x0000000080000000, 0x0000000100000000)
  region size 1024K, 14 young (14336K), 2 survivors (2048K)
 Metaspace       used 88363K, capacity 90700K, committed 90888K, reserved 1128448K
  class space    used 11076K, capacity 11956K, committed 12032K, reserved 1048576K
}
Event: 30.999 GC heap after
{Heap after GC invocations=44 (full 0):
 garbage-first heap   total 227328K, used 174442K [0x0000000080000000, 0x0000000100000000)
  region size 1024K, 2 young (2048K), 2 survivors (2048K)
 Metaspace       used 88363K, capacity 90700K, committed 90888K, reserved 1128448K
  class space    used 11076K, capacity 11956K, committed 12032K, reserved 1048576K
}
Event: 31.245 GC heap before
{Heap before GC invocations=45 (full 0):
 garbage-first heap   total 227328K, used 188778K [0x0000000080000000, 0x0000000100000000)
  region size 1024K, 16 young (16384K), 2 survivors (2048K)
 Metaspace       used 91237K, capacity 93521K, committed 93704K, reserved 1130496K
  class space    used 11427K, capacity 12278K, committed 12288K, reserved 1048576K
}
Event: 31.250 GC heap after
{Heap after GC invocations=46 (full 0):
 garbage-first heap   total 287744K, used 175565K [0x0000000080000000, 0x0000000100000000)
  region size 1024K, 2 young (2048K), 2 survivors (2048K)
 Metaspace       used 91237K, capacity 93521K, committed 93704K, reserved 1130496K
  class space    used 11427K, capacity 12278K, committed 12288K, reserved 1048576K
}
Event: 31.433 GC heap before
{Heap before GC invocations=46 (full 0):
 garbage-first heap   total 287744K, used 186829K [0x0000000080000000, 0x0000000100000000)
  region size 1024K, 14 young (14336K), 2 survivors (2048K)
 Metaspace       used 91683K, capacity 94018K, committed 94344K, reserved 1132544K
  class space    used 11471K, capacity 12314K, committed 12416K, reserved 1048576K
}
Event: 31.445 GC heap after
{Heap after GC invocations=47 (full 0):
 garbage-first heap   total 287744K, used 175234K [0x0000000080000000, 0x0000000100000000)
  region size 1024K, 2 young (2048K), 2 survivors (2048K)
 Metaspace       used 91683K, capacity 94018K, committed 94344K, reserved 1132544K
  class space    used 11471K, capacity 12314K, committed 12416K, reserved 1048576K
}
Event: 31.786 GC heap before
{Heap before GC invocations=47 (full 0):
 garbage-first heap   total 287744K, used 214146K [0x0000000080000000, 0x0000000100000000)
  region size 1024K, 40 young (40960K), 2 survivors (2048K)
 Metaspace       used 91707K, capacity 94021K, committed 94344K, reserved 1132544K
  class space    used 11471K, capacity 12314K, committed 12416K, reserved 1048576K
}
Event: 31.806 GC heap after
{Heap after GC invocations=48 (full 0):
 garbage-first heap   total 287744K, used 188274K [0x0000000080000000, 0x0000000100000000)
  region size 1024K, 5 young (5120K), 5 survivors (5120K)
 Metaspace       used 91707K, capacity 94021K, committed 94344K, reserved 1132544K
  class space    used 11471K, capacity 12314K, committed 12416K, reserved 1048576K
}
Event: 32.201 GC heap before
{Heap before GC invocations=48 (full 0):
 garbage-first heap   total 287744K, used 217970K [0x0000000080000000, 0x0000000100000000)
  region size 1024K, 38 young (38912K), 5 survivors (5120K)
 Metaspace       used 91761K, capacity 94088K, committed 94344K, reserved 1132544K
  class space    used 11471K, capacity 12314K, committed 12416K, reserved 1048576K
}
Event: 32.242 GC heap after
{Heap after GC invocations=49 (full 0):
 garbage-first heap   total 287744K, used 206614K [0x0000000080000000, 0x0000000100000000)
  region size 1024K, 5 young (5120K), 5 survivors (5120K)
 Metaspace       used 91761K, capacity 94088K, committed 94344K, reserved 1132544K
  class space    used 11471K, capacity 12314K, committed 12416K, reserved 1048576K
}
Event: 32.549 GC heap before
{Heap before GC invocations=50 (full 0):
 garbage-first heap   total 287744K, used 229142K [0x0000000080000000, 0x0000000100000000)
  region size 1024K, 27 young (27648K), 5 survivors (5120K)
 Metaspace       used 91775K, capacity 94092K, committed 94344K, reserved 1132544K
  class space    used 11471K, capacity 12314K, committed 12416K, reserved 1048576K
}
Event: 32.565 GC heap after
{Heap after GC invocations=51 (full 0):
 garbage-first heap   total 287744K, used 212480K [0x0000000080000000, 0x0000000100000000)
  region size 1024K, 4 young (4096K), 4 survivors (4096K)
 Metaspace       used 91775K, capacity 94092K, committed 94344K, reserved 1132544K
  class space    used 11471K, capacity 12314K, committed 12416K, reserved 1048576K
}
Event: 32.639 GC heap before
{Heap before GC invocations=51 (full 0):
 garbage-first heap   total 287744K, used 222720K [0x0000000080000000, 0x0000000100000000)
  region size 1024K, 14 young (14336K), 4 survivors (4096K)
 Metaspace       used 91775K, capacity 94092K, committed 94344K, reserved 1132544K
  class space    used 11471K, capacity 12314K, committed 12416K, reserved 1048576K
}

