# JRE version: OpenJDK Runtime Environment (11.0.8+10) (build 11.0.8+10-b944.6842174)
# Java VM: OpenJDK 64-Bit Server VM (11.0.8+10-b944.6842174, mixed mode, tiered, compressed oops, g1 gc, windows-amd64)
Heap:
 garbage-first heap   total 227328K, used 155900K [0x0000000080000000, 0x0000000100000000)
  region size 1024K, 3 young (3072K), 3 survivors (3072K)
 Metaspace       used 83959K, capacity 86274K, committed 86568K, reserved 1124352K
  class space    used 10631K, capacity 11468K, committed 11608K, reserved 1048576K
GC Heap History (20 events):
Event: 21.318 GC heap after
{Heap after GC invocations=24 (full 0):
 garbage-first heap   total 189440K, used 75075K [0x0000000080000000, 0x0000000100000000)
  region size 1024K, 12 young (12288K), 12 survivors (12288K)
 Metaspace       used 73926K, capacity 75856K, committed 76072K, reserved 1116160K
  class space    used 9494K, capacity 10219K, committed 10328K, reserved 1048576K
}
Event: 22.309 GC heap before
{Heap before GC invocations=24 (full 0):
 garbage-first heap   total 189440K, used 149827K [0x0000000080000000, 0x0000000100000000)
  region size 1024K, 86 young (88064K), 12 survivors (12288K)
 Metaspace       used 75136K, capacity 77195K, committed 77480K, reserved 1116160K
  class space    used 9614K, capacity 10352K, committed 10456K, reserved 1048576K
}
Event: 22.327 GC heap after
{Heap after GC invocations=25 (full 0):
 garbage-first heap   total 189440K, used 79814K [0x0000000080000000, 0x0000000100000000)
  region size 1024K, 5 young (5120K), 5 survivors (5120K)
 Metaspace       used 75136K, capacity 77195K, committed 77480K, reserved 1116160K
  class space    used 9614K, capacity 10352K, committed 10456K, reserved 1048576K
}
Event: 23.057 GC heap before
{Heap before GC invocations=25 (full 0):
 garbage-first heap   total 189440K, used 153542K [0x0000000080000000, 0x0000000100000000)
  region size 1024K, 76 young (77824K), 5 survivors (5120K)
 Metaspace       used 75242K, capacity 77364K, committed 77480K, reserved 1116160K
  class space    used 9617K, capacity 10386K, committed 10456K, reserved 1048576K
}
Event: 23.068 GC heap after
{Heap after GC invocations=26 (full 0):
 garbage-first heap   total 189440K, used 83398K [0x0000000080000000, 0x0000000100000000)
  region size 1024K, 8 young (8192K), 8 survivors (8192K)
 Metaspace       used 75242K, capacity 77364K, committed 77480K, reserved 1116160K
  class space    used 9617K, capacity 10386K, committed 10456K, reserved 1048576K
}
Event: 24.778 GC heap before
{Heap before GC invocations=26 (full 0):
 garbage-first heap   total 189440K, used 155078K [0x0000000080000000, 0x0000000100000000)
  region size 1024K, 78 young (79872K), 8 survivors (8192K)
 Metaspace       used 82636K, capacity 84825K, committed 85160K, reserved 1122304K
  class space    used 10558K, capacity 11358K, committed 11480K, reserved 1048576K
}
Event: 24.794 GC heap after
{Heap after GC invocations=27 (full 0):
 garbage-first heap   total 189440K, used 90826K [0x0000000080000000, 0x0000000100000000)
  region size 1024K, 10 young (10240K), 10 survivors (10240K)
 Metaspace       used 82636K, capacity 84825K, committed 85160K, reserved 1122304K
  class space    used 10558K, capacity 11358K, committed 11480K, reserved 1048576K
}
Event: 25.195 GC heap before
{Heap before GC invocations=27 (full 0):
 garbage-first heap   total 189440K, used 128714K [0x0000000080000000, 0x0000000100000000)
  region size 1024K, 45 young (46080K), 10 survivors (10240K)
 Metaspace       used 82660K, capacity 84953K, committed 85160K, reserved 1122304K
  class space    used 10558K, capacity 11358K, committed 11480K, reserved 1048576K
}
Event: 25.252 GC heap after
{Heap after GC invocations=28 (full 0):
 garbage-first heap   total 189440K, used 103278K [0x0000000080000000, 0x0000000100000000)
  region size 1024K, 9 young (9216K), 9 survivors (9216K)
 Metaspace       used 82660K, capacity 84953K, committed 85160K, reserved 1122304K
  class space    used 10558K, capacity 11358K, committed 11480K, reserved 1048576K
}
Event: 25.714 GC heap before
{Heap before GC invocations=29 (full 0):
 garbage-first heap   total 189440K, used 137070K [0x0000000080000000, 0x0000000100000000)
  region size 1024K, 35 young (35840K), 9 survivors (9216K)
 Metaspace       used 82633K, capacity 84894K, committed 85160K, reserved 1122304K
  class space    used 10546K, capacity 11338K, committed 11480K, reserved 1048576K
}
Event: 25.731 GC heap after
{Heap after GC invocations=30 (full 0):
 garbage-first heap   total 189440K, used 114030K [0x0000000080000000, 0x0000000100000000)
  region size 1024K, 5 young (5120K), 5 survivors (5120K)
 Metaspace       used 82633K, capacity 84894K, committed 85160K, reserved 1122304K
  class space    used 10546K, capacity 11338K, committed 11480K, reserved 1048576K
}
Event: 26.073 GC heap before
{Heap before GC invocations=31 (full 0):
 garbage-first heap   total 189440K, used 144750K [0x0000000080000000, 0x0000000100000000)
  region size 1024K, 20 young (20480K), 5 survivors (5120K)
 Metaspace       used 82633K, capacity 84894K, committed 85160K, reserved 1122304K
  class space    used 10546K, capacity 11338K, committed 11480K, reserved 1048576K
}
Event: 26.085 GC heap after
{Heap after GC invocations=32 (full 0):
 garbage-first heap   total 189440K, used 120536K [0x0000000080000000, 0x0000000100000000)
  region size 1024K, 5 young (5120K), 5 survivors (5120K)
 Metaspace       used 82633K, capacity 84894K, committed 85160K, reserved 1122304K
  class space    used 10546K, capacity 11338K, committed 11480K, reserved 1048576K
}
Event: 27.285 GC heap before
{Heap before GC invocations=33 (full 0):
 garbage-first heap   total 189440K, used 156376K [0x0000000080000000, 0x0000000100000000)
  region size 1024K, 37 young (37888K), 5 survivors (5120K)
 Metaspace       used 83422K, capacity 85651K, committed 85928K, reserved 1124352K
  class space    used 10611K, capacity 11418K, committed 11480K, reserved 1048576K
}
Event: 27.303 GC heap after
{Heap after GC invocations=34 (full 0):
 garbage-first heap   total 189440K, used 131982K [0x0000000080000000, 0x0000000100000000)
  region size 1024K, 5 young (5120K), 5 survivors (5120K)
 Metaspace       used 83422K, capacity 85651K, committed 85928K, reserved 1124352K
  class space    used 10611K, capacity 11418K, committed 11480K, reserved 1048576K
}
Event: 27.679 GC heap before
{Heap before GC invocations=34 (full 0):
 garbage-first heap   total 189440K, used 156558K [0x0000000080000000, 0x0000000100000000)
  region size 1024K, 29 young (29696K), 5 survivors (5120K)
 Metaspace       used 83870K, capacity 86207K, committed 86568K, reserved 1124352K
  class space    used 10631K, capacity 11468K, committed 11608K, reserved 1048576K
}
Event: 27.694 GC heap after
{Heap after GC invocations=35 (full 0):
 garbage-first heap   total 189440K, used 137863K [0x0000000080000000, 0x0000000100000000)
  region size 1024K, 4 young (4096K), 4 survivors (4096K)
 Metaspace       used 83870K, capacity 86207K, committed 86568K, reserved 1124352K
  class space    used 10631K, capacity 11468K, committed 11608K, reserved 1048576K
}
Event: 28.136 GC heap before
{Heap before GC invocations=36 (full 0):
 garbage-first heap   total 189440K, used 158343K [0x0000000080000000, 0x0000000100000000)
  region size 1024K, 24 young (24576K), 4 survivors (4096K)
 Metaspace       used 83930K, capacity 86208K, committed 86568K, reserved 1124352K
  class space    used 10631K, capacity 11468K, committed 11608K, reserved 1048576K
}
Event: 28.149 GC heap after
{Heap after GC invocations=37 (full 0):
 garbage-first heap   total 189440K, used 142194K [0x0000000080000000, 0x0000000100000000)
  region size 1024K, 3 young (3072K), 3 survivors (3072K)
 Metaspace       used 83930K, capacity 86208K, committed 86568K, reserved 1124352K
  class space    used 10631K, capacity 11468K, committed 11608K, reserved 1048576K
}
Event: 28.213 GC heap before
{Heap before GC invocations=37 (full 0):
 garbage-first heap   total 189440K, used 159602K [0x0000000080000000, 0x0000000100000000)
  region size 1024K, 20 young (20480K), 3 survivors (3072K)
 Metaspace       used 83959K, capacity 86274K, committed 86568K, reserved 1124352K
  class space    used 10631K, capacity 11468K, committed 11608K, reserved 1048576K
}

