# JRE version: OpenJDK Runtime Environment (11.0.8+10) (build 11.0.8+10-b944.6842174)
# Java VM: OpenJDK 64-Bit Server VM (11.0.8+10-b944.6842174, mixed mode, tiered, compressed oops, g1 gc, windows-amd64)
Heap:
 garbage-first heap   total 227328K, used 169984K [0x0000000080000000, 0x0000000100000000)
  region size 1024K, 2 young (2048K), 2 survivors (2048K)
 Metaspace       used 83932K, capacity 86289K, committed 86536K, reserved 1124352K
  class space    used 10626K, capacity 11468K, committed 11520K, reserved 1048576K
GC Heap History (20 events):
Event: 26.926 GC heap after
{Heap after GC invocations=27 (full 0):
 garbage-first heap   total 189440K, used 88633K [0x0000000080000000, 0x0000000100000000)
  region size 1024K, 10 young (10240K), 10 survivors (10240K)
 Metaspace       used 82588K, capacity 84869K, committed 85128K, reserved 1124352K
  class space    used 10559K, capacity 11367K, committed 11392K, reserved 1048576K
}
Event: 27.472 GC heap before
{Heap before GC invocations=27 (full 0):
 garbage-first heap   total 189440K, used 136761K [0x0000000080000000, 0x0000000100000000)
  region size 1024K, 52 young (53248K), 10 survivors (10240K)
 Metaspace       used 82640K, capacity 84933K, committed 85128K, reserved 1124352K
  class space    used 10559K, capacity 11367K, committed 11392K, reserved 1048576K
}
Event: 27.530 GC heap after
{Heap after GC invocations=28 (full 0):
 garbage-first heap   total 189440K, used 103259K [0x0000000080000000, 0x0000000100000000)
  region size 1024K, 10 young (10240K), 10 survivors (10240K)
 Metaspace       used 82640K, capacity 84933K, committed 85128K, reserved 1124352K
  class space    used 10559K, capacity 11367K, committed 11392K, reserved 1048576K
}
Event: 28.255 GC heap before
{Heap before GC invocations=29 (full 0):
 garbage-first heap   total 189440K, used 133979K [0x0000000080000000, 0x0000000100000000)
  region size 1024K, 35 young (35840K), 10 survivors (10240K)
 Metaspace       used 82594K, capacity 84845K, committed 85128K, reserved 1124352K
  class space    used 10543K, capacity 11338K, committed 11392K, reserved 1048576K
}
Event: 28.268 GC heap after
{Heap after GC invocations=30 (full 0):
 garbage-first heap   total 189440K, used 115032K [0x0000000080000000, 0x0000000100000000)
  region size 1024K, 5 young (5120K), 5 survivors (5120K)
 Metaspace       used 82594K, capacity 84845K, committed 85128K, reserved 1124352K
  class space    used 10543K, capacity 11338K, committed 11392K, reserved 1048576K
}
Event: 28.588 GC heap before
{Heap before GC invocations=31 (full 0):
 garbage-first heap   total 189440K, used 149848K [0x0000000080000000, 0x0000000100000000)
  region size 1024K, 23 young (23552K), 5 survivors (5120K)
 Metaspace       used 82594K, capacity 84845K, committed 85128K, reserved 1124352K
  class space    used 10543K, capacity 11338K, committed 11392K, reserved 1048576K
}
Event: 28.597 GC heap after
{Heap after GC invocations=32 (full 0):
 garbage-first heap   total 189440K, used 121856K [0x0000000080000000, 0x0000000100000000)
  region size 1024K, 5 young (5120K), 5 survivors (5120K)
 Metaspace       used 82594K, capacity 84845K, committed 85128K, reserved 1124352K
  class space    used 10543K, capacity 11338K, committed 11392K, reserved 1048576K
}
Event: 29.807 GC heap before
{Heap before GC invocations=33 (full 0):
 garbage-first heap   total 189440K, used 151552K [0x0000000080000000, 0x0000000100000000)
  region size 1024K, 31 young (31744K), 5 survivors (5120K)
 Metaspace       used 83326K, capacity 85602K, committed 85768K, reserved 1124352K
  class space    used 10606K, capacity 11418K, committed 11520K, reserved 1048576K
}
Event: 29.820 GC heap after
{Heap after GC invocations=34 (full 0):
 garbage-first heap   total 189440K, used 130627K [0x0000000080000000, 0x0000000100000000)
  region size 1024K, 4 young (4096K), 4 survivors (4096K)
 Metaspace       used 83326K, capacity 85602K, committed 85768K, reserved 1124352K
  class space    used 10606K, capacity 11418K, committed 11520K, reserved 1048576K
}
Event: 30.189 GC heap before
{Heap before GC invocations=34 (full 0):
 garbage-first heap   total 189440K, used 153155K [0x0000000080000000, 0x0000000100000000)
  region size 1024K, 26 young (26624K), 4 survivors (4096K)
 Metaspace       used 83823K, capacity 86091K, committed 86280K, reserved 1124352K
  class space    used 10626K, capacity 11468K, committed 11520K, reserved 1048576K
}
Event: 30.206 GC heap after
{Heap after GC invocations=35 (full 0):
 garbage-first heap   total 189440K, used 136455K [0x0000000080000000, 0x0000000100000000)
  region size 1024K, 4 young (4096K), 4 survivors (4096K)
 Metaspace       used 83823K, capacity 86091K, committed 86280K, reserved 1124352K
  class space    used 10626K, capacity 11468K, committed 11520K, reserved 1048576K
}
Event: 30.600 GC heap before
{Heap before GC invocations=36 (full 0):
 garbage-first heap   total 189440K, used 155911K [0x0000000080000000, 0x0000000100000000)
  region size 1024K, 23 young (23552K), 4 survivors (4096K)
 Metaspace       used 83866K, capacity 86222K, committed 86280K, reserved 1124352K
  class space    used 10626K, capacity 11468K, committed 11520K, reserved 1048576K
}
Event: 30.613 GC heap after
{Heap after GC invocations=37 (full 0):
 garbage-first heap   total 189440K, used 140288K [0x0000000080000000, 0x0000000100000000)
  region size 1024K, 3 young (3072K), 3 survivors (3072K)
 Metaspace       used 83866K, capacity 86222K, committed 86280K, reserved 1124352K
  class space    used 10626K, capacity 11468K, committed 11520K, reserved 1048576K
}
Event: 30.764 GC heap before
{Heap before GC invocations=37 (full 0):
 garbage-first heap   total 189440K, used 158720K [0x0000000080000000, 0x0000000100000000)
  region size 1024K, 21 young (21504K), 3 survivors (3072K)
 Metaspace       used 83925K, capacity 86289K, committed 86536K, reserved 1124352K
  class space    used 10626K, capacity 11468K, committed 11520K, reserved 1048576K
}
Event: 30.784 GC heap after
{Heap after GC invocations=38 (full 0):
 garbage-first heap   total 189440K, used 151201K [0x0000000080000000, 0x0000000100000000)
  region size 1024K, 3 young (3072K), 3 survivors (3072K)
 Metaspace       used 83925K, capacity 86289K, committed 86536K, reserved 1124352K
  class space    used 10626K, capacity 11468K, committed 11520K, reserved 1048576K
}
Event: 30.874 GC heap before
{Heap before GC invocations=38 (full 0):
 garbage-first heap   total 189440K, used 159393K [0x0000000080000000, 0x0000000100000000)
  region size 1024K, 11 young (11264K), 3 survivors (3072K)
 Metaspace       used 83927K, capacity 86289K, committed 86536K, reserved 1124352K
  class space    used 10626K, capacity 11468K, committed 11520K, reserved 1048576K
}
Event: 30.892 GC heap after
{Heap after GC invocations=39 (full 0):
 garbage-first heap   total 189440K, used 157562K [0x0000000080000000, 0x0000000100000000)
  region size 1024K, 2 young (2048K), 2 survivors (2048K)
 Metaspace       used 83927K, capacity 86289K, committed 86536K, reserved 1124352K
  class space    used 10626K, capacity 11468K, committed 11520K, reserved 1048576K
}
Event: 30.973 GC heap before
{Heap before GC invocations=39 (full 0):
 garbage-first heap   total 189440K, used 164730K [0x0000000080000000, 0x0000000100000000)
  region size 1024K, 9 young (9216K), 2 survivors (2048K)
 Metaspace       used 83931K, capacity 86289K, committed 86536K, reserved 1124352K
  class space    used 10626K, capacity 11468K, committed 11520K, reserved 1048576K
}
Event: 30.985 GC heap after
{Heap after GC invocations=40 (full 0):
 garbage-first heap   total 189440K, used 163840K [0x0000000080000000, 0x0000000100000000)
  region size 1024K, 2 young (2048K), 2 survivors (2048K)
 Metaspace       used 83931K, capacity 86289K, committed 86536K, reserved 1124352K
  class space    used 10626K, capacity 11468K, committed 11520K, reserved 1048576K
}
Event: 31.075 GC heap before
{Heap before GC invocations=40 (full 0):
 garbage-first heap   total 189440K, used 171008K [0x0000000080000000, 0x0000000100000000)
  region size 1024K, 9 young (9216K), 2 survivors (2048K)
 Metaspace       used 83932K, capacity 86289K, committed 86536K, reserved 1124352K
  class space    used 10626K, capacity 11468K, committed 11520K, reserved 1048576K
}

