# JRE version: OpenJDK Runtime Environment (11.0.8+10) (build 11.0.8+10-b944.6842174)
# Java VM: OpenJDK 64-Bit Server VM (11.0.8+10-b944.6842174, mixed mode, tiered, compressed oops, g1 gc, windows-amd64)
Heap:
 garbage-first heap   total 292864K, used 173309K [0x0000000080000000, 0x0000000100000000)
  region size 1024K, 2 young (2048K), 2 survivors (2048K)
 Metaspace       used 85614K, capacity 87910K, committed 88200K, reserved 1126400K
  class space    used 10738K, capacity 11571K, committed 11648K, reserved 1048576K
GC Heap History (20 events):
Event: 24.461 GC heap after
{Heap after GC invocations=28 (full 0):
 garbage-first heap   total 189440K, used 101211K [0x0000000080000000, 0x0000000100000000)
  region size 1024K, 2 young (2048K), 2 survivors (2048K)
 Metaspace       used 82687K, capacity 84939K, committed 85128K, reserved 1124352K
  class space    used 10578K, capacity 11367K, committed 11392K, reserved 1048576K
}
Event: 24.950 GC heap before
{Heap before GC invocations=29 (full 0):
 garbage-first heap   total 189440K, used 140123K [0x0000000080000000, 0x0000000100000000)
  region size 1024K, 32 young (32768K), 2 survivors (2048K)
 Metaspace       used 82579K, capacity 84753K, committed 85128K, reserved 1124352K
  class space    used 10544K, capacity 11305K, committed 11392K, reserved 1048576K
}
Event: 24.959 GC heap after
{Heap after GC invocations=30 (full 0):
 garbage-first heap   total 189440K, used 113664K [0x0000000080000000, 0x0000000100000000)
  region size 1024K, 4 young (4096K), 4 survivors (4096K)
 Metaspace       used 82579K, capacity 84753K, committed 85128K, reserved 1124352K
  class space    used 10544K, capacity 11305K, committed 11392K, reserved 1048576K
}
Event: 25.281 GC heap before
{Heap before GC invocations=31 (full 0):
 garbage-first heap   total 189440K, used 143360K [0x0000000080000000, 0x0000000100000000)
  region size 1024K, 18 young (18432K), 4 survivors (4096K)
 Metaspace       used 82579K, capacity 84753K, committed 85128K, reserved 1124352K
  class space    used 10544K, capacity 11305K, committed 11392K, reserved 1048576K
}
Event: 25.291 GC heap after
{Heap after GC invocations=32 (full 0):
 garbage-first heap   total 189440K, used 120041K [0x0000000080000000, 0x0000000100000000)
  region size 1024K, 4 young (4096K), 4 survivors (4096K)
 Metaspace       used 82579K, capacity 84753K, committed 85128K, reserved 1124352K
  class space    used 10544K, capacity 11305K, committed 11392K, reserved 1048576K
}
Event: 26.262 GC heap before
{Heap before GC invocations=33 (full 0):
 garbage-first heap   total 189440K, used 146665K [0x0000000080000000, 0x0000000100000000)
  region size 1024K, 26 young (26624K), 4 survivors (4096K)
 Metaspace       used 83114K, capacity 85297K, committed 85768K, reserved 1124352K
  class space    used 10587K, capacity 11379K, committed 11520K, reserved 1048576K
}
Event: 26.278 GC heap after
{Heap after GC invocations=34 (full 0):
 garbage-first heap   total 189440K, used 128000K [0x0000000080000000, 0x0000000100000000)
  region size 1024K, 4 young (4096K), 4 survivors (4096K)
 Metaspace       used 83114K, capacity 85297K, committed 85768K, reserved 1124352K
  class space    used 10587K, capacity 11379K, committed 11520K, reserved 1048576K
}
Event: 26.658 GC heap before
{Heap before GC invocations=34 (full 0):
 garbage-first heap   total 189440K, used 148480K [0x0000000080000000, 0x0000000100000000)
  region size 1024K, 24 young (24576K), 4 survivors (4096K)
 Metaspace       used 83622K, capacity 85807K, committed 86024K, reserved 1124352K
  class space    used 10619K, capacity 11397K, committed 11520K, reserved 1048576K
}
Event: 26.672 GC heap after
{Heap after GC invocations=35 (full 0):
 garbage-first heap   total 189440K, used 133458K [0x0000000080000000, 0x0000000100000000)
  region size 1024K, 3 young (3072K), 3 survivors (3072K)
 Metaspace       used 83622K, capacity 85807K, committed 86024K, reserved 1124352K
  class space    used 10619K, capacity 11397K, committed 11520K, reserved 1048576K
}
Event: 27.162 GC heap before
{Heap before GC invocations=36 (full 0):
 garbage-first heap   total 189440K, used 151890K [0x0000000080000000, 0x0000000100000000)
  region size 1024K, 21 young (21504K), 3 survivors (3072K)
 Metaspace       used 83831K, capacity 86130K, committed 86280K, reserved 1124352K
  class space    used 10628K, capacity 11435K, committed 11520K, reserved 1048576K
}
Event: 27.175 GC heap after
{Heap after GC invocations=37 (full 0):
 garbage-first heap   total 189440K, used 137467K [0x0000000080000000, 0x0000000100000000)
  region size 1024K, 3 young (3072K), 3 survivors (3072K)
 Metaspace       used 83831K, capacity 86130K, committed 86280K, reserved 1124352K
  class space    used 10628K, capacity 11435K, committed 11520K, reserved 1048576K
}
Event: 27.407 GC heap before
{Heap before GC invocations=37 (full 0):
 garbage-first heap   total 189440K, used 154875K [0x0000000080000000, 0x0000000100000000)
  region size 1024K, 20 young (20480K), 3 survivors (3072K)
 Metaspace       used 83875K, capacity 86131K, committed 86280K, reserved 1124352K
  class space    used 10628K, capacity 11435K, committed 11520K, reserved 1048576K
}
Event: 27.418 GC heap after
{Heap after GC invocations=38 (full 0):
 garbage-first heap   total 227328K, used 140886K [0x0000000080000000, 0x0000000100000000)
  region size 1024K, 3 young (3072K), 3 survivors (3072K)
 Metaspace       used 83875K, capacity 86131K, committed 86280K, reserved 1124352K
  class space    used 10628K, capacity 11435K, committed 11520K, reserved 1048576K
}
Event: 27.615 GC heap before
{Heap before GC invocations=38 (full 0):
 garbage-first heap   total 227328K, used 168534K [0x0000000080000000, 0x0000000100000000)
  region size 1024K, 30 young (30720K), 3 survivors (3072K)
 Metaspace       used 83915K, capacity 86197K, committed 86536K, reserved 1124352K
  class space    used 10628K, capacity 11435K, committed 11520K, reserved 1048576K
}
Event: 27.646 GC heap after
{Heap after GC invocations=39 (full 0):
 garbage-first heap   total 227328K, used 162437K [0x0000000080000000, 0x0000000100000000)
  region size 1024K, 4 young (4096K), 4 survivors (4096K)
 Metaspace       used 83915K, capacity 86197K, committed 86536K, reserved 1124352K
  class space    used 10628K, capacity 11435K, committed 11520K, reserved 1048576K
}
Event: 27.991 GC heap before
{Heap before GC invocations=40 (full 0):
 garbage-first heap   total 227328K, used 180869K [0x0000000080000000, 0x0000000100000000)
  region size 1024K, 22 young (22528K), 4 survivors (4096K)
 Metaspace       used 84325K, capacity 86643K, committed 86792K, reserved 1124352K
  class space    used 10648K, capacity 11473K, committed 11520K, reserved 1048576K
}
Event: 28.017 GC heap after
{Heap after GC invocations=41 (full 0):
 garbage-first heap   total 227328K, used 172032K [0x0000000080000000, 0x0000000100000000)
  region size 1024K, 3 young (3072K), 3 survivors (3072K)
 Metaspace       used 84325K, capacity 86643K, committed 86792K, reserved 1124352K
  class space    used 10648K, capacity 11473K, committed 11520K, reserved 1048576K
}
Event: 28.353 GC heap before
{Heap before GC invocations=41 (full 0):
 garbage-first heap   total 227328K, used 185344K [0x0000000080000000, 0x0000000100000000)
  region size 1024K, 17 young (17408K), 3 survivors (3072K)
 Metaspace       used 85592K, capacity 87906K, committed 88200K, reserved 1126400K
  class space    used 10738K, capacity 11571K, committed 11648K, reserved 1048576K
}
Event: 28.363 GC heap after
{Heap after GC invocations=42 (full 0):
 garbage-first heap   total 227328K, used 176104K [0x0000000080000000, 0x0000000100000000)
  region size 1024K, 3 young (3072K), 3 survivors (3072K)
 Metaspace       used 85592K, capacity 87906K, committed 88200K, reserved 1126400K
  class space    used 10738K, capacity 11571K, committed 11648K, reserved 1048576K
}
Event: 28.635 GC heap before
{Heap before GC invocations=42 (full 0):
 garbage-first heap   total 227328K, used 183784K [0x0000000080000000, 0x0000000100000000)
  region size 1024K, 16 young (16384K), 3 survivors (3072K)
 Metaspace       used 85614K, capacity 87910K, committed 88200K, reserved 1126400K
  class space    used 10738K, capacity 11571K, committed 11648K, reserved 1048576K
}

