# JRE version: OpenJDK Runtime Environment (11.0.8+10) (build 11.0.8+10-b944.6842174)
# Java VM: OpenJDK 64-Bit Server VM (11.0.8+10-b944.6842174, mixed mode, tiered, compressed oops, g1 gc, windows-amd64)
Heap:
 garbage-first heap   total 243712K, used 193129K [0x0000000080000000, 0x0000000100000000)
  region size 1024K, 13 young (13312K), 2 survivors (2048K)
 Metaspace       used 99136K, capacity 101738K, committed 101960K, reserved 1138688K
  class space    used 12091K, capacity 13026K, committed 13056K, reserved 1048576K
GC Heap History (20 events):
Event: 7107.082 GC heap before
{Heap before GC invocations=69 (full 0):
 garbage-first heap   total 189440K, used 135272K [0x0000000080000000, 0x0000000100000000)
  region size 1024K, 9 young (9216K), 5 survivors (5120K)
 Metaspace       used 92849K, capacity 95350K, committed 95432K, reserved 1132544K
  class space    used 11495K, capacity 12362K, committed 12416K, reserved 1048576K
}
Event: 7107.089 GC heap after
{Heap after GC invocations=70 (full 0):
 garbage-first heap   total 189440K, used 133654K [0x0000000080000000, 0x0000000100000000)
  region size 1024K, 2 young (2048K), 2 survivors (2048K)
 Metaspace       used 92849K, capacity 95350K, committed 95432K, reserved 1132544K
  class space    used 11495K, capacity 12362K, committed 12416K, reserved 1048576K
}
Event: 7107.104 GC heap before
{Heap before GC invocations=70 (full 0):
 garbage-first heap   total 189440K, used 134678K [0x0000000080000000, 0x0000000100000000)
  region size 1024K, 4 young (4096K), 2 survivors (2048K)
 Metaspace       used 92849K, capacity 95350K, committed 95432K, reserved 1132544K
  class space    used 11495K, capacity 12362K, committed 12416K, reserved 1048576K
}
Event: 7107.108 GC heap after
{Heap after GC invocations=71 (full 0):
 garbage-first heap   total 189440K, used 134404K [0x0000000080000000, 0x0000000100000000)
  region size 1024K, 3 young (3072K), 3 survivors (3072K)
 Metaspace       used 92849K, capacity 95350K, committed 95432K, reserved 1132544K
  class space    used 11495K, capacity 12362K, committed 12416K, reserved 1048576K
}
Event: 7108.180 GC heap before
{Heap before GC invocations=72 (full 0):
 garbage-first heap   total 189440K, used 161028K [0x0000000080000000, 0x0000000100000000)
  region size 1024K, 25 young (25600K), 3 survivors (3072K)
 Metaspace       used 93385K, capacity 96022K, committed 96328K, reserved 1132544K
  class space    used 11537K, capacity 12436K, committed 12544K, reserved 1048576K
}
Event: 7108.188 GC heap after
{Heap after GC invocations=73 (full 0):
 garbage-first heap   total 189440K, used 142415K [0x0000000080000000, 0x0000000100000000)
  region size 1024K, 4 young (4096K), 4 survivors (4096K)
 Metaspace       used 93385K, capacity 96022K, committed 96328K, reserved 1132544K
  class space    used 11537K, capacity 12436K, committed 12544K, reserved 1048576K
}
Event: 7108.282 GC heap before
{Heap before GC invocations=73 (full 0):
 garbage-first heap   total 189440K, used 147535K [0x0000000080000000, 0x0000000100000000)
  region size 1024K, 9 young (9216K), 4 survivors (4096K)
 Metaspace       used 93409K, capacity 96023K, committed 96328K, reserved 1132544K
  class space    used 11537K, capacity 12436K, committed 12544K, reserved 1048576K
}
Event: 7108.290 GC heap after
{Heap after GC invocations=74 (full 0):
 garbage-first heap   total 189440K, used 142968K [0x0000000080000000, 0x0000000100000000)
  region size 1024K, 2 young (2048K), 2 survivors (2048K)
 Metaspace       used 93409K, capacity 96023K, committed 96328K, reserved 1132544K
  class space    used 11537K, capacity 12436K, committed 12544K, reserved 1048576K
}
Event: 7108.486 GC heap before
{Heap before GC invocations=74 (full 0):
 garbage-first heap   total 189440K, used 158328K [0x0000000080000000, 0x0000000100000000)
  region size 1024K, 17 young (17408K), 2 survivors (2048K)
 Metaspace       used 93848K, capacity 96455K, committed 96584K, reserved 1134592K
  class space    used 11567K, capacity 12450K, committed 12544K, reserved 1048576K
}
Event: 7108.496 GC heap after
{Heap after GC invocations=75 (full 0):
 garbage-first heap   total 189440K, used 146987K [0x0000000080000000, 0x0000000100000000)
  region size 1024K, 3 young (3072K), 3 survivors (3072K)
 Metaspace       used 93848K, capacity 96455K, committed 96584K, reserved 1134592K
  class space    used 11567K, capacity 12450K, committed 12544K, reserved 1048576K
}
Event: 7108.700 GC heap before
{Heap before GC invocations=75 (full 0):
 garbage-first heap   total 189440K, used 160299K [0x0000000080000000, 0x0000000100000000)
  region size 1024K, 16 young (16384K), 3 survivors (3072K)
 Metaspace       used 94066K, capacity 96725K, committed 96840K, reserved 1134592K
  class space    used 11578K, capacity 12492K, committed 12544K, reserved 1048576K
}
Event: 7108.710 GC heap after
{Heap after GC invocations=76 (full 0):
 garbage-first heap   total 189440K, used 149874K [0x0000000080000000, 0x0000000100000000)
  region size 1024K, 2 young (2048K), 2 survivors (2048K)
 Metaspace       used 94066K, capacity 96725K, committed 96840K, reserved 1134592K
  class space    used 11578K, capacity 12492K, committed 12544K, reserved 1048576K
}
Event: 7108.816 GC heap before
{Heap before GC invocations=76 (full 0):
 garbage-first heap   total 189440K, used 161138K [0x0000000080000000, 0x0000000100000000)
  region size 1024K, 13 young (13312K), 2 survivors (2048K)
 Metaspace       used 94099K, capacity 96727K, committed 96840K, reserved 1134592K
  class space    used 11578K, capacity 12492K, committed 12544K, reserved 1048576K
}
Event: 7108.826 GC heap after
{Heap after GC invocations=77 (full 0):
 garbage-first heap   total 243712K, used 151787K [0x0000000080000000, 0x0000000100000000)
  region size 1024K, 2 young (2048K), 2 survivors (2048K)
 Metaspace       used 94099K, capacity 96727K, committed 96840K, reserved 1134592K
  class space    used 11578K, capacity 12492K, committed 12544K, reserved 1048576K
}
Event: 7109.368 GC heap before
{Heap before GC invocations=78 (full 0):
 garbage-first heap   total 243712K, used 194795K [0x0000000080000000, 0x0000000100000000)
  region size 1024K, 44 young (45056K), 2 survivors (2048K)
 Metaspace       used 94175K, capacity 96794K, committed 97096K, reserved 1134592K
  class space    used 11578K, capacity 12492K, committed 12544K, reserved 1048576K
}
Event: 7109.410 GC heap after
{Heap after GC invocations=79 (full 0):
 garbage-first heap   total 243712K, used 177064K [0x0000000080000000, 0x0000000100000000)
  region size 1024K, 6 young (6144K), 6 survivors (6144K)
 Metaspace       used 94175K, capacity 96794K, committed 97096K, reserved 1134592K
  class space    used 11578K, capacity 12492K, committed 12544K, reserved 1048576K
}
Event: 7109.595 GC heap before
{Heap before GC invocations=79 (full 0):
 garbage-first heap   total 243712K, used 196520K [0x0000000080000000, 0x0000000100000000)
  region size 1024K, 25 young (25600K), 6 survivors (6144K)
 Metaspace       used 94547K, capacity 97146K, committed 97352K, reserved 1134592K
  class space    used 11600K, capacity 12499K, committed 12544K, reserved 1048576K
}
Event: 7109.625 GC heap after
{Heap after GC invocations=80 (full 0):
 garbage-first heap   total 243712K, used 185344K [0x0000000080000000, 0x0000000100000000)
  region size 1024K, 4 young (4096K), 4 survivors (4096K)
 Metaspace       used 94547K, capacity 97146K, committed 97352K, reserved 1134592K
  class space    used 11600K, capacity 12499K, committed 12544K, reserved 1048576K
}
Event: 7110.522 GC heap before
{Heap before GC invocations=80 (full 0):
 garbage-first heap   total 243712K, used 194560K [0x0000000080000000, 0x0000000100000000)
  region size 1024K, 19 young (19456K), 4 survivors (4096K)
 Metaspace       used 96924K, capacity 99488K, committed 99656K, reserved 1136640K
  class space    used 11842K, capacity 12723K, committed 12800K, reserved 1048576K
}
Event: 7110.533 GC heap after
{Heap after GC invocations=81 (full 0):
 garbage-first heap   total 243712K, used 182889K [0x0000000080000000, 0x0000000100000000)
  region size 1024K, 2 young (2048K), 2 survivors (2048K)
 Metaspace       used 96924K, capacity 99488K, committed 99656K, reserved 1136640K
  class space    used 11842K, capacity 12723K, committed 12800K, reserved 1048576K
}

