# JRE version: OpenJDK Runtime Environment (11.0.8+10) (build 11.0.8+10-b944.6842174)
# Java VM: OpenJDK 64-Bit Server VM (11.0.8+10-b944.6842174, mixed mode, tiered, compressed oops, g1 gc, windows-amd64)
Heap:
 garbage-first heap   total 295936K, used 175424K [0x0000000080000000, 0x0000000100000000)
  region size 1024K, 3 young (3072K), 3 survivors (3072K)
 Metaspace       used 94572K, capacity 97090K, committed 97160K, reserved 1134592K
  class space    used 11777K, capacity 12645K, committed 12672K, reserved 1048576K
GC Heap History (20 events):
Event: 33.029 GC heap after
{Heap after GC invocations=39 (full 0):
 garbage-first heap   total 194560K, used 144121K [0x0000000080000000, 0x0000000100000000)
  region size 1024K, 3 young (3072K), 3 survivors (3072K)
 Metaspace       used 86765K, capacity 89277K, committed 89480K, reserved 1126400K
  class space    used 10935K, capacity 11799K, committed 11904K, reserved 1048576K
}
Event: 33.098 GC heap before
{Heap before GC invocations=39 (full 0):
 garbage-first heap   total 194560K, used 150265K [0x0000000080000000, 0x0000000100000000)
  region size 1024K, 9 young (9216K), 3 survivors (3072K)
 Metaspace       used 86793K, capacity 89277K, committed 89480K, reserved 1126400K
  class space    used 10935K, capacity 11799K, committed 11904K, reserved 1048576K
}
Event: 33.107 GC heap after
{Heap after GC invocations=40 (full 0):
 garbage-first heap   total 194560K, used 144687K [0x0000000080000000, 0x0000000100000000)
  region size 1024K, 2 young (2048K), 2 survivors (2048K)
 Metaspace       used 86793K, capacity 89277K, committed 89480K, reserved 1126400K
  class space    used 10935K, capacity 11799K, committed 11904K, reserved 1048576K
}
Event: 33.187 GC heap before
{Heap before GC invocations=40 (full 0):
 garbage-first heap   total 194560K, used 163119K [0x0000000080000000, 0x0000000100000000)
  region size 1024K, 20 young (20480K), 2 survivors (2048K)
 Metaspace       used 86831K, capacity 89344K, committed 89480K, reserved 1126400K
  class space    used 10935K, capacity 11799K, committed 11904K, reserved 1048576K
}
Event: 33.209 GC heap after
{Heap after GC invocations=41 (full 0):
 garbage-first heap   total 194560K, used 158339K [0x0000000080000000, 0x0000000100000000)
  region size 1024K, 3 young (3072K), 3 survivors (3072K)
 Metaspace       used 86831K, capacity 89344K, committed 89480K, reserved 1126400K
  class space    used 10935K, capacity 11799K, committed 11904K, reserved 1048576K
}
Event: 33.241 GC heap before
{Heap before GC invocations=41 (full 0):
 garbage-first heap   total 194560K, used 165507K [0x0000000080000000, 0x0000000100000000)
  region size 1024K, 10 young (10240K), 3 survivors (3072K)
 Metaspace       used 86835K, capacity 89344K, committed 89480K, reserved 1126400K
  class space    used 10935K, capacity 11799K, committed 11904K, reserved 1048576K
}
Event: 33.255 GC heap after
{Heap after GC invocations=42 (full 0):
 garbage-first heap   total 194560K, used 164864K [0x0000000080000000, 0x0000000100000000)
  region size 1024K, 2 young (2048K), 2 survivors (2048K)
 Metaspace       used 86835K, capacity 89344K, committed 89480K, reserved 1126400K
  class space    used 10935K, capacity 11799K, committed 11904K, reserved 1048576K
}
Event: 33.303 GC heap before
{Heap before GC invocations=42 (full 0):
 garbage-first heap   total 194560K, used 172032K [0x0000000080000000, 0x0000000100000000)
  region size 1024K, 9 young (9216K), 2 survivors (2048K)
 Metaspace       used 86835K, capacity 89344K, committed 89480K, reserved 1126400K
  class space    used 10935K, capacity 11799K, committed 11904K, reserved 1048576K
}
Event: 33.319 GC heap after
{Heap after GC invocations=43 (full 0):
 garbage-first heap   total 233472K, used 171008K [0x0000000080000000, 0x0000000100000000)
  region size 1024K, 2 young (2048K), 2 survivors (2048K)
 Metaspace       used 86835K, capacity 89344K, committed 89480K, reserved 1126400K
  class space    used 10935K, capacity 11799K, committed 11904K, reserved 1048576K
}
Event: 33.781 GC heap before
{Heap before GC invocations=44 (full 0):
 garbage-first heap   total 233472K, used 187392K [0x0000000080000000, 0x0000000100000000)
  region size 1024K, 18 young (18432K), 2 survivors (2048K)
 Metaspace       used 87255K, capacity 89761K, committed 89992K, reserved 1128448K
  class space    used 10957K, capacity 11806K, committed 11904K, reserved 1048576K
}
Event: 33.796 GC heap after
{Heap after GC invocations=45 (full 0):
 garbage-first heap   total 233472K, used 177152K [0x0000000080000000, 0x0000000100000000)
  region size 1024K, 3 young (3072K), 3 survivors (3072K)
 Metaspace       used 87255K, capacity 89761K, committed 89992K, reserved 1128448K
  class space    used 10957K, capacity 11806K, committed 11904K, reserved 1048576K
}
Event: 34.060 GC heap before
{Heap before GC invocations=45 (full 0):
 garbage-first heap   total 233472K, used 190464K [0x0000000080000000, 0x0000000100000000)
  region size 1024K, 17 young (17408K), 3 survivors (3072K)
 Metaspace       used 89117K, capacity 91623K, committed 91912K, reserved 1130496K
  class space    used 11136K, capacity 11998K, committed 12032K, reserved 1048576K
}
Event: 34.067 GC heap after
{Heap after GC invocations=46 (full 0):
 garbage-first heap   total 233472K, used 178707K [0x0000000080000000, 0x0000000100000000)
  region size 1024K, 2 young (2048K), 2 survivors (2048K)
 Metaspace       used 89117K, capacity 91623K, committed 91912K, reserved 1130496K
  class space    used 11136K, capacity 11998K, committed 12032K, reserved 1048576K
}
Event: 34.550 GC heap before
{Heap before GC invocations=46 (full 0):
 garbage-first heap   total 233472K, used 190995K [0x0000000080000000, 0x0000000100000000)
  region size 1024K, 16 young (16384K), 2 survivors (2048K)
 Metaspace       used 91797K, capacity 94192K, committed 94344K, reserved 1132544K
  class space    used 11439K, capacity 12321K, committed 12416K, reserved 1048576K
}
Event: 34.555 GC heap after
{Heap after GC invocations=47 (full 0):
 garbage-first heap   total 233472K, used 176850K [0x0000000080000000, 0x0000000100000000)
  region size 1024K, 2 young (2048K), 2 survivors (2048K)
 Metaspace       used 91797K, capacity 94192K, committed 94344K, reserved 1132544K
  class space    used 11439K, capacity 12321K, committed 12416K, reserved 1048576K
}
Event: 34.836 GC heap before
{Heap before GC invocations=48 (full 0):
 garbage-first heap   total 233472K, used 192210K [0x0000000080000000, 0x0000000100000000)
  region size 1024K, 17 young (17408K), 2 survivors (2048K)
 Metaspace       used 94284K, capacity 96689K, committed 96904K, reserved 1134592K
  class space    used 11745K, capacity 12641K, committed 12672K, reserved 1048576K
}
Event: 34.840 GC heap after
{Heap after GC invocations=49 (full 0):
 garbage-first heap   total 233472K, used 177917K [0x0000000080000000, 0x0000000100000000)
  region size 1024K, 3 young (3072K), 3 survivors (3072K)
 Metaspace       used 94284K, capacity 96689K, committed 96904K, reserved 1134592K
  class space    used 11745K, capacity 12641K, committed 12672K, reserved 1048576K
}
Event: 34.944 GC heap before
{Heap before GC invocations=49 (full 0):
 garbage-first heap   total 233472K, used 185085K [0x0000000080000000, 0x0000000100000000)
  region size 1024K, 11 young (11264K), 3 survivors (3072K)
 Metaspace       used 94553K, capacity 97023K, committed 97160K, reserved 1134592K
  class space    used 11777K, capacity 12645K, committed 12672K, reserved 1048576K
}
Event: 34.954 GC heap after
{Heap after GC invocations=50 (full 0):
 garbage-first heap   total 233472K, used 171709K [0x0000000080000000, 0x0000000100000000)
  region size 1024K, 2 young (2048K), 2 survivors (2048K)
 Metaspace       used 94553K, capacity 97023K, committed 97160K, reserved 1134592K
  class space    used 11777K, capacity 12645K, committed 12672K, reserved 1048576K
}
Event: 35.107 GC heap before
{Heap before GC invocations=50 (full 0):
 garbage-first heap   total 233472K, used 191165K [0x0000000080000000, 0x0000000100000000)
  region size 1024K, 21 young (21504K), 2 survivors (2048K)
 Metaspace       used 94572K, capacity 97090K, committed 97160K, reserved 1134592K
  class space    used 11777K, capacity 12645K, committed 12672K, reserved 1048576K
}

