# JRE version: OpenJDK Runtime Environment (11.0.8+10) (build 11.0.8+10-b944.6842174)
# Java VM: OpenJDK 64-Bit Server VM (11.0.8+10-b944.6842174, mixed mode, tiered, compressed oops, g1 gc, windows-amd64)
Heap:
 garbage-first heap   total 338944K, used 205238K [0x0000000080000000, 0x0000000100000000)
  region size 1024K, 4 young (4096K), 4 survivors (4096K)
 Metaspace       used 91715K, capacity 94047K, committed 94336K, reserved 1130496K
  class space    used 11472K, capacity 12314K, committed 12416K, reserved 1048576K
GC Heap History (20 events):
Event: 26.919 GC heap after
{Heap after GC invocations=30 (full 0):
 garbage-first heap   total 233472K, used 163328K [0x0000000080000000, 0x0000000100000000)
  region size 1024K, 8 young (8192K), 8 survivors (8192K)
 Metaspace       used 83922K, capacity 86233K, committed 86528K, reserved 1124352K
  class space    used 10628K, capacity 11468K, committed 11520K, reserved 1048576K
}
Event: 27.449 GC heap before
{Heap before GC invocations=31 (full 0):
 garbage-first heap   total 233472K, used 185856K [0x0000000080000000, 0x0000000100000000)
  region size 1024K, 30 young (30720K), 8 survivors (8192K)
 Metaspace       used 84608K, capacity 86814K, committed 87040K, reserved 1124352K
  class space    used 10666K, capacity 11507K, committed 11520K, reserved 1048576K
}
Event: 27.472 GC heap after
{Heap after GC invocations=32 (full 0):
 garbage-first heap   total 233472K, used 171008K [0x0000000080000000, 0x0000000100000000)
  region size 1024K, 4 young (4096K), 4 survivors (4096K)
 Metaspace       used 84608K, capacity 86814K, committed 87040K, reserved 1124352K
  class space    used 10666K, capacity 11507K, committed 11520K, reserved 1048576K
}
Event: 28.006 GC heap before
{Heap before GC invocations=32 (full 0):
 garbage-first heap   total 233472K, used 189440K [0x0000000080000000, 0x0000000100000000)
  region size 1024K, 23 young (23552K), 4 survivors (4096K)
 Metaspace       used 88263K, capacity 90659K, committed 90880K, reserved 1128448K
  class space    used 11065K, capacity 11956K, committed 12032K, reserved 1048576K
}
Event: 28.016 GC heap after
{Heap after GC invocations=33 (full 0):
 garbage-first heap   total 233472K, used 173203K [0x0000000080000000, 0x0000000100000000)
  region size 1024K, 2 young (2048K), 2 survivors (2048K)
 Metaspace       used 88263K, capacity 90659K, committed 90880K, reserved 1128448K
  class space    used 11065K, capacity 11956K, committed 12032K, reserved 1048576K
}
Event: 28.396 GC heap before
{Heap before GC invocations=33 (full 0):
 garbage-first heap   total 233472K, used 189587K [0x0000000080000000, 0x0000000100000000)
  region size 1024K, 21 young (21504K), 2 survivors (2048K)
 Metaspace       used 91495K, capacity 93706K, committed 93824K, reserved 1130496K
  class space    used 11455K, capacity 12310K, committed 12416K, reserved 1048576K
}
Event: 28.403 GC heap after
{Heap after GC invocations=34 (full 0):
 garbage-first heap   total 233472K, used 171918K [0x0000000080000000, 0x0000000100000000)
  region size 1024K, 3 young (3072K), 3 survivors (3072K)
 Metaspace       used 91495K, capacity 93706K, committed 93824K, reserved 1130496K
  class space    used 11455K, capacity 12310K, committed 12416K, reserved 1048576K
}
Event: 28.655 GC heap before
{Heap before GC invocations=35 (full 0):
 garbage-first heap   total 233472K, used 192398K [0x0000000080000000, 0x0000000100000000)
  region size 1024K, 23 young (23552K), 3 survivors (3072K)
 Metaspace       used 91675K, capacity 94044K, committed 94336K, reserved 1130496K
  class space    used 11472K, capacity 12314K, committed 12416K, reserved 1048576K
}
Event: 28.666 GC heap after
{Heap after GC invocations=36 (full 0):
 garbage-first heap   total 233472K, used 176702K [0x0000000080000000, 0x0000000100000000)
  region size 1024K, 3 young (3072K), 3 survivors (3072K)
 Metaspace       used 91675K, capacity 94044K, committed 94336K, reserved 1130496K
  class space    used 11472K, capacity 12314K, committed 12416K, reserved 1048576K
}
Event: 28.791 GC heap before
{Heap before GC invocations=36 (full 0):
 garbage-first heap   total 233472K, used 196158K [0x0000000080000000, 0x0000000100000000)
  region size 1024K, 22 young (22528K), 3 survivors (3072K)
 Metaspace       used 91682K, capacity 94044K, committed 94336K, reserved 1130496K
  class space    used 11472K, capacity 12314K, committed 12416K, reserved 1048576K
}
Event: 28.806 GC heap after
{Heap after GC invocations=37 (full 0):
 garbage-first heap   total 233472K, used 182419K [0x0000000080000000, 0x0000000100000000)
  region size 1024K, 3 young (3072K), 3 survivors (3072K)
 Metaspace       used 91682K, capacity 94044K, committed 94336K, reserved 1130496K
  class space    used 11472K, capacity 12314K, committed 12416K, reserved 1048576K
}
Event: 28.887 GC heap before
{Heap before GC invocations=37 (full 0):
 garbage-first heap   total 233472K, used 197779K [0x0000000080000000, 0x0000000100000000)
  region size 1024K, 18 young (18432K), 3 survivors (3072K)
 Metaspace       used 91682K, capacity 94044K, committed 94336K, reserved 1130496K
  class space    used 11472K, capacity 12314K, committed 12416K, reserved 1048576K
}
Event: 28.906 GC heap after
{Heap after GC invocations=38 (full 0):
 garbage-first heap   total 280576K, used 194560K [0x0000000080000000, 0x0000000100000000)
  region size 1024K, 3 young (3072K), 3 survivors (3072K)
 Metaspace       used 91682K, capacity 94044K, committed 94336K, reserved 1130496K
  class space    used 11472K, capacity 12314K, committed 12416K, reserved 1048576K
}
Event: 29.202 GC heap before
{Heap before GC invocations=38 (full 0):
 garbage-first heap   total 280576K, used 212992K [0x0000000080000000, 0x0000000100000000)
  region size 1024K, 27 young (27648K), 3 survivors (3072K)
 Metaspace       used 91705K, capacity 94047K, committed 94336K, reserved 1130496K
  class space    used 11472K, capacity 12314K, committed 12416K, reserved 1048576K
}
Event: 29.233 GC heap after
{Heap after GC invocations=39 (full 0):
 garbage-first heap   total 280576K, used 204274K [0x0000000080000000, 0x0000000100000000)
  region size 1024K, 4 young (4096K), 4 survivors (4096K)
 Metaspace       used 91705K, capacity 94047K, committed 94336K, reserved 1130496K
  class space    used 11472K, capacity 12314K, committed 12416K, reserved 1048576K
}
Event: 29.458 GC heap before
{Heap before GC invocations=40 (full 0):
 garbage-first heap   total 280576K, used 224754K [0x0000000080000000, 0x0000000100000000)
  region size 1024K, 24 young (24576K), 4 survivors (4096K)
 Metaspace       used 91715K, capacity 94047K, committed 94336K, reserved 1130496K
  class space    used 11472K, capacity 12314K, committed 12416K, reserved 1048576K
}
Event: 29.470 GC heap after
{Heap after GC invocations=41 (full 0):
 garbage-first heap   total 280576K, used 209408K [0x0000000080000000, 0x0000000100000000)
  region size 1024K, 3 young (3072K), 3 survivors (3072K)
 Metaspace       used 91715K, capacity 94047K, committed 94336K, reserved 1130496K
  class space    used 11472K, capacity 12314K, committed 12416K, reserved 1048576K
}
Event: 29.538 GC heap before
{Heap before GC invocations=41 (full 0):
 garbage-first heap   total 280576K, used 219648K [0x0000000080000000, 0x0000000100000000)
  region size 1024K, 13 young (13312K), 3 survivors (3072K)
 Metaspace       used 91715K, capacity 94047K, committed 94336K, reserved 1130496K
  class space    used 11472K, capacity 12314K, committed 12416K, reserved 1048576K
}
Event: 29.550 GC heap after
{Heap after GC invocations=42 (full 0):
 garbage-first heap   total 280576K, used 190834K [0x0000000080000000, 0x0000000100000000)
  region size 1024K, 2 young (2048K), 2 survivors (2048K)
 Metaspace       used 91715K, capacity 94047K, committed 94336K, reserved 1130496K
  class space    used 11472K, capacity 12314K, committed 12416K, reserved 1048576K
}
Event: 29.637 GC heap before
{Heap before GC invocations=42 (full 0):
 garbage-first heap   total 280576K, used 215410K [0x0000000080000000, 0x0000000100000000)
  region size 1024K, 27 young (27648K), 2 survivors (2048K)
 Metaspace       used 91715K, capacity 94047K, committed 94336K, reserved 1130496K
  class space    used 11472K, capacity 12314K, committed 12416K, reserved 1048576K
}

