# JRE version: OpenJDK Runtime Environment (11.0.8+10) (build 11.0.8+10-b944.6842174)
# Java VM: OpenJDK 64-Bit Server VM (11.0.8+10-b944.6842174, mixed mode, tiered, compressed oops, g1 gc, windows-amd64)
Heap:
 garbage-first heap   total 477184K, used 211333K [0x0000000080000000, 0x0000000100000000)
  region size 1024K, 3 young (3072K), 3 survivors (3072K)
 Metaspace       used 91699K, capacity 93993K, committed 94124K, reserved 1130496K
  class space    used 11469K, capacity 12281K, committed 12288K, reserved 1048576K
GC Heap History (20 events):
Event: 26.733 GC heap after
{Heap after GC invocations=38 (full 0):
 garbage-first heap   total 227328K, used 154519K [0x0000000080000000, 0x0000000100000000)
  region size 1024K, 3 young (3072K), 3 survivors (3072K)
 Metaspace       used 83924K, capacity 86179K, committed 86444K, reserved 1124352K
  class space    used 10628K, capacity 11435K, committed 11520K, reserved 1048576K
}
Event: 27.048 GC heap before
{Heap before GC invocations=38 (full 0):
 garbage-first heap   total 227328K, used 177047K [0x0000000080000000, 0x0000000100000000)
  region size 1024K, 25 young (25600K), 3 survivors (3072K)
 Metaspace       used 84053K, capacity 86319K, committed 86444K, reserved 1124352K
  class space    used 10638K, capacity 11438K, committed 11520K, reserved 1048576K
}
Event: 27.079 GC heap after
{Heap after GC invocations=39 (full 0):
 garbage-first heap   total 227328K, used 172032K [0x0000000080000000, 0x0000000100000000)
  region size 1024K, 4 young (4096K), 4 survivors (4096K)
 Metaspace       used 84053K, capacity 86319K, committed 86444K, reserved 1124352K
  class space    used 10638K, capacity 11438K, committed 11520K, reserved 1048576K
}
Event: 27.393 GC heap before
{Heap before GC invocations=40 (full 0):
 garbage-first heap   total 227328K, used 185344K [0x0000000080000000, 0x0000000100000000)
  region size 1024K, 17 young (17408K), 4 survivors (4096K)
 Metaspace       used 84483K, capacity 86761K, committed 86956K, reserved 1124352K
  class space    used 10660K, capacity 11474K, committed 11520K, reserved 1048576K
}
Event: 27.403 GC heap after
{Heap after GC invocations=41 (full 0):
 garbage-first heap   total 227328K, used 174080K [0x0000000080000000, 0x0000000100000000)
  region size 1024K, 1 young (1024K), 1 survivors (1024K)
 Metaspace       used 84483K, capacity 86761K, committed 86956K, reserved 1124352K
  class space    used 10660K, capacity 11474K, committed 11520K, reserved 1048576K
}
Event: 27.643 GC heap before
{Heap before GC invocations=41 (full 0):
 garbage-first heap   total 227328K, used 186368K [0x0000000080000000, 0x0000000100000000)
  region size 1024K, 14 young (14336K), 1 survivors (1024K)
 Metaspace       used 87068K, capacity 89321K, committed 89516K, reserved 1126400K
  class space    used 10920K, capacity 11730K, committed 11776K, reserved 1048576K
}
Event: 27.647 GC heap after
{Heap after GC invocations=42 (full 0):
 garbage-first heap   total 227328K, used 174746K [0x0000000080000000, 0x0000000100000000)
  region size 1024K, 2 young (2048K), 2 survivors (2048K)
 Metaspace       used 87068K, capacity 89321K, committed 89516K, reserved 1126400K
  class space    used 10920K, capacity 11730K, committed 11776K, reserved 1048576K
}
Event: 28.074 GC heap before
{Heap before GC invocations=42 (full 0):
 garbage-first heap   total 227328K, used 186010K [0x0000000080000000, 0x0000000100000000)
  region size 1024K, 16 young (16384K), 2 survivors (2048K)
 Metaspace       used 89979K, capacity 92243K, committed 92460K, reserved 1130496K
  class space    used 11307K, capacity 12149K, committed 12160K, reserved 1048576K
}
Event: 28.082 GC heap after
{Heap after GC invocations=43 (full 0):
 garbage-first heap   total 227328K, used 172872K [0x0000000080000000, 0x0000000100000000)
  region size 1024K, 2 young (2048K), 2 survivors (2048K)
 Metaspace       used 89979K, capacity 92243K, committed 92460K, reserved 1130496K
  class space    used 11307K, capacity 12149K, committed 12160K, reserved 1048576K
}
Event: 28.352 GC heap before
{Heap before GC invocations=44 (full 0):
 garbage-first heap   total 227328K, used 187208K [0x0000000080000000, 0x0000000100000000)
  region size 1024K, 17 young (17408K), 2 survivors (2048K)
 Metaspace       used 91639K, capacity 93924K, committed 94124K, reserved 1130496K
  class space    used 11469K, capacity 12281K, committed 12288K, reserved 1048576K
}
Event: 28.360 GC heap after
{Heap after GC invocations=45 (full 0):
 garbage-first heap   total 273408K, used 174220K [0x0000000080000000, 0x0000000100000000)
  region size 1024K, 3 young (3072K), 3 survivors (3072K)
 Metaspace       used 91639K, capacity 93924K, committed 94124K, reserved 1130496K
  class space    used 11469K, capacity 12281K, committed 12288K, reserved 1048576K
}
Event: 28.503 GC heap before
{Heap before GC invocations=45 (full 0):
 garbage-first heap   total 273408K, used 184460K [0x0000000080000000, 0x0000000100000000)
  region size 1024K, 13 young (13312K), 3 survivors (3072K)
 Metaspace       used 91657K, capacity 93991K, committed 94124K, reserved 1130496K
  class space    used 11469K, capacity 12281K, committed 12288K, reserved 1048576K
}
Event: 28.513 GC heap after
{Heap after GC invocations=46 (full 0):
 garbage-first heap   total 273408K, used 175604K [0x0000000080000000, 0x0000000100000000)
  region size 1024K, 2 young (2048K), 2 survivors (2048K)
 Metaspace       used 91657K, capacity 93991K, committed 94124K, reserved 1130496K
  class space    used 11469K, capacity 12281K, committed 12288K, reserved 1048576K
}
Event: 28.737 GC heap before
{Heap before GC invocations=46 (full 0):
 garbage-first heap   total 273408K, used 205300K [0x0000000080000000, 0x0000000100000000)
  region size 1024K, 31 young (31744K), 2 survivors (2048K)
 Metaspace       used 91666K, capacity 93991K, committed 94124K, reserved 1130496K
  class space    used 11469K, capacity 12281K, committed 12288K, reserved 1048576K
}
Event: 28.757 GC heap after
{Heap after GC invocations=47 (full 0):
 garbage-first heap   total 273408K, used 184948K [0x0000000080000000, 0x0000000100000000)
  region size 1024K, 4 young (4096K), 4 survivors (4096K)
 Metaspace       used 91666K, capacity 93991K, committed 94124K, reserved 1130496K
  class space    used 11469K, capacity 12281K, committed 12288K, reserved 1048576K
}
Event: 28.954 GC heap before
{Heap before GC invocations=47 (full 0):
 garbage-first heap   total 273408K, used 211572K [0x0000000080000000, 0x0000000100000000)
  region size 1024K, 30 young (30720K), 4 survivors (4096K)
 Metaspace       used 91678K, capacity 93991K, committed 94124K, reserved 1130496K
  class space    used 11469K, capacity 12281K, committed 12288K, reserved 1048576K
}
Event: 28.989 GC heap after
{Heap after GC invocations=48 (full 0):
 garbage-first heap   total 273408K, used 206406K [0x0000000080000000, 0x0000000100000000)
  region size 1024K, 4 young (4096K), 4 survivors (4096K)
 Metaspace       used 91678K, capacity 93991K, committed 94124K, reserved 1130496K
  class space    used 11469K, capacity 12281K, committed 12288K, reserved 1048576K
}
Event: 29.236 GC heap before
{Heap before GC invocations=48 (full 0):
 garbage-first heap   total 273408K, used 218694K [0x0000000080000000, 0x0000000100000000)
  region size 1024K, 20 young (20480K), 4 survivors (4096K)
 Metaspace       used 91694K, capacity 93992K, committed 94124K, reserved 1130496K
  class space    used 11469K, capacity 12281K, committed 12288K, reserved 1048576K
}
Event: 29.260 GC heap after
{Heap after GC invocations=49 (full 0):
 garbage-first heap   total 273408K, used 206848K [0x0000000080000000, 0x0000000100000000)
  region size 1024K, 3 young (3072K), 3 survivors (3072K)
 Metaspace       used 91694K, capacity 93992K, committed 94124K, reserved 1130496K
  class space    used 11469K, capacity 12281K, committed 12288K, reserved 1048576K
}
Event: 29.414 GC heap before
{Heap before GC invocations=50 (full 0):
 garbage-first heap   total 273408K, used 224256K [0x0000000080000000, 0x0000000100000000)
  region size 1024K, 20 young (20480K), 3 survivors (3072K)
 Metaspace       used 91699K, capacity 93993K, committed 94124K, reserved 1130496K
  class space    used 11469K, capacity 12281K, committed 12288K, reserved 1048576K
}

